#
# There is insufficient memory for the Java Runtime Environment to continue.
# Native memory allocation (malloc) failed to allocate 124496 bytes for Chunk::new
# Possible reasons:
#   The system is out of physical RAM or swap space
#   The process is running with CompressedOops enabled, and the Java Heap may be blocking the growth of the native heap
# Possible solutions:
#   Reduce memory load on the system
#   Increase physical memory or swap space
#   Check if swap backing store is full
#   Decrease Java heap size (-Xmx/-Xms)
#   Decrease number of Java threads
#   Set larger code cache with -XX:ReservedCodeCacheSize=
#   JVM is running with Unscaled Compressed Oops mode in which the Java heap is
#     placed in the first 4GB address space. The Java Heap base address is the
#     maximum limit for the native heap growth. Please use -XX:HeapBaseMinAddress
#     to set the Java Heap base and to place the Java Heap above 4GB virtual address.
# This output file may be truncated or incomplete.
#
#  Out of Memory Error (./src/hotspot/share/memory/arena.cpp:197), pid=15152, tid=11972
#
# JRE version: OpenJDK Runtime Environment (11.0.11+9) (build 11.0.11+9-b60-7590822)
# Java VM: OpenJDK 64-Bit Server VM (11.0.11+9-b60-7590822, mixed mode, tiered, compressed oops, g1 gc, windows-amd64)
# No core dump will be written. Minidumps are not enabled by default on client versions of Windows
#

---------------  S U M M A R Y ------------

Command Line: --add-opens=java.base/java.util=ALL-UNNAMED --add-opens=java.base/java.lang=ALL-UNNAMED --add-opens=java.base/java.lang.invoke=ALL-UNNAMED --add-opens=java.base/java.util=ALL-UNNAMED --add-opens=java.prefs/java.util.prefs=ALL-UNNAMED --add-opens=java.prefs/java.util.prefs=ALL-UNNAMED --add-opens=java.base/java.nio.charset=ALL-UNNAMED --add-opens=java.base/java.net=ALL-UNNAMED --add-opens=java.base/java.util.concurrent.atomic=ALL-UNNAMED -Xmx2048m -Dfile.encoding=UTF-8 -Duser.country=BR -Duser.language=pt -Duser.variant org.gradle.launcher.daemon.bootstrap.GradleDaemon 7.2

Host: Intel(R) Core(TM) i5-7300U CPU @ 2.60GHz, 4 cores, 7G,  Windows 10 , 64 bit Build 19041 (10.0.19041.928)
Time: Mon Mar 21 23:42:50 2022 Hora oficial do Brasil elapsed time: 46.367791 seconds (0d 0h 0m 46s)

---------------  T H R E A D  ---------------

Current thread (0x000001d969cfc800):  JavaThread "C2 CompilerThread0" daemon [_thread_in_native, id=11972, stack(0x00000087df300000,0x00000087df400000)]


Current CompileTask:
C2:  46367 12520       4       com.ctc.wstx.io.UTF8Reader::read (929 bytes)

Stack: [0x00000087df300000,0x00000087df400000]
Native frames: (J=compiled Java code, j=interpreted, Vv=VM code, C=native code)
V  [jvm.dll+0x5f214a]
V  [jvm.dll+0x726fb5]
V  [jvm.dll+0x7285cd]
V  [jvm.dll+0x728c83]
V  [jvm.dll+0x243278]
V  [jvm.dll+0xbc53c]
V  [jvm.dll+0xbca3c]
V  [jvm.dll+0x353e7d]
V  [jvm.dll+0x19895c]
V  [jvm.dll+0x1fc2ee]
V  [jvm.dll+0x1fb3d4]
V  [jvm.dll+0x183d6c]
V  [jvm.dll+0x209a57]
V  [jvm.dll+0x2082a1]
V  [jvm.dll+0x6ef58f]
V  [jvm.dll+0x6e80b5]
V  [jvm.dll+0x5f1036]
C  [ucrtbase.dll+0x21bb2]
C  [KERNEL32.DLL+0x17034]
C  [ntdll.dll+0x52651]


---------------  P R O C E S S  ---------------

Threads class SMR info:
_java_thread_list=0x000001d96f475b00, length=88, elements={
0x000001d94d95a800, 0x000001d969ce1800, 0x000001d969ce2800, 0x000001d969cf3800,
0x000001d969cf5800, 0x000001d969cf7800, 0x000001d969cfc800, 0x000001d969cfe800,
0x000001d969d40800, 0x000001d969e78800, 0x000001d96b978800, 0x000001d96a09d800,
0x000001d96c107000, 0x000001d96c096800, 0x000001d96ce5f800, 0x000001d96b49f800,
0x000001d96ad53000, 0x000001d96ad54000, 0x000001d96c3cd800, 0x000001d96c076800,
0x000001d96c077800, 0x000001d96c075000, 0x000001d96c075800, 0x000001d96c1a1800,
0x000001d96c1a7800, 0x000001d96c1a2800, 0x000001d96c1a4000, 0x000001d96c1a9000,
0x000001d96c1a3000, 0x000001d96c1a5800, 0x000001d96c1aa800, 0x000001d96c1a5000,
0x000001d96c1ab800, 0x000001d96c1a6800, 0x000001d96c1ad000, 0x000001d96c1ae000,
0x000001d96c1a8000, 0x000001d96c1ae800, 0x000001d96c1af800, 0x000001d96c1b0000,
0x000001d96f90f000, 0x000001d96f90f800, 0x000001d96f90c800, 0x000001d96f90b800,
0x000001d96f90e000, 0x000001d96f90a000, 0x000001d96f910800, 0x000001d96f90d000,
0x000001d96f90b000, 0x000001d96f913800, 0x000001d96f912000, 0x000001d96f914800,
0x000001d96f913000, 0x000001d96f917000, 0x000001d96f915800, 0x000001d96f916000,
0x000001d96f911800, 0x000001d96f918000, 0x000001d96f918800, 0x000001d96ac5f800,
0x000001d96ac5b800, 0x000001d96ac5a000, 0x000001d96ac5c000, 0x000001d96ac5e800,
0x000001d96ac5a800, 0x000001d96ac5e000, 0x000001d96ac60800, 0x000001d96ac61000,
0x000001d96ac62000, 0x000001d96ac63000, 0x000001d96ac5d000, 0x000001d96ac63800,
0x000001d96ac64800, 0x000001d96ac65000, 0x000001d96ac67000, 0x000001d96ac68800,
0x000001d96ac66000, 0x000001d96ac67800, 0x000001d96da00000, 0x000001d96da01000,
0x000001d96d9fd800, 0x000001d96d9fb000, 0x000001d96d9fd000, 0x000001d96da01800,
0x000001d96d9fc000, 0x000001d96da02800, 0x000001d96da03800, 0x000001d96d9ff800
}

Java Threads: ( => current thread )
  0x000001d94d95a800 JavaThread "main" [_thread_blocked, id=7412, stack(0x00000087de700000,0x00000087de800000)]
  0x000001d969ce1800 JavaThread "Reference Handler" daemon [_thread_blocked, id=6072, stack(0x00000087dee00000,0x00000087def00000)]
  0x000001d969ce2800 JavaThread "Finalizer" daemon [_thread_blocked, id=9816, stack(0x00000087def00000,0x00000087df000000)]
  0x000001d969cf3800 JavaThread "Signal Dispatcher" daemon [_thread_blocked, id=12344, stack(0x00000087df000000,0x00000087df100000)]
  0x000001d969cf5800 JavaThread "Attach Listener" daemon [_thread_blocked, id=120, stack(0x00000087df100000,0x00000087df200000)]
  0x000001d969cf7800 JavaThread "Service Thread" daemon [_thread_blocked, id=16580, stack(0x00000087df200000,0x00000087df300000)]
=>0x000001d969cfc800 JavaThread "C2 CompilerThread0" daemon [_thread_in_native, id=11972, stack(0x00000087df300000,0x00000087df400000)]
  0x000001d969cfe800 JavaThread "C1 CompilerThread0" daemon [_thread_blocked, id=5552, stack(0x00000087df400000,0x00000087df500000)]
  0x000001d969d40800 JavaThread "Sweeper thread" daemon [_thread_blocked, id=5312, stack(0x00000087df500000,0x00000087df600000)]
  0x000001d969e78800 JavaThread "Common-Cleaner" daemon [_thread_blocked, id=932, stack(0x00000087df600000,0x00000087df700000)]
  0x000001d96b978800 JavaThread "Daemon health stats" [_thread_blocked, id=11432, stack(0x00000087dfb00000,0x00000087dfc00000)]
  0x000001d96a09d800 JavaThread "Incoming local TCP Connector on port 57008" [_thread_in_native, id=10500, stack(0x00000087df800000,0x00000087df900000)]
  0x000001d96c107000 JavaThread "Daemon periodic checks" [_thread_blocked, id=11892, stack(0x00000087dfc00000,0x00000087dfd00000)]
  0x000001d96c096800 JavaThread "Daemon" [_thread_blocked, id=2928, stack(0x00000087dfd00000,0x00000087dfe00000)]
  0x000001d96ce5f800 JavaThread "Handler for socket connection from /127.0.0.1:57008 to /127.0.0.1:57009" [_thread_in_native, id=7804, stack(0x00000087dfe00000,0x00000087dff00000)]
  0x000001d96b49f800 JavaThread "Cancel handler" [_thread_blocked, id=4892, stack(0x00000087dff00000,0x00000087e0000000)]
  0x000001d96ad53000 JavaThread "Daemon worker" [_thread_blocked, id=15788, stack(0x00000087e0000000,0x00000087e0100000)]
  0x000001d96ad54000 JavaThread "Asynchronous log dispatcher for DefaultDaemonConnection: socket connection from /127.0.0.1:57008 to /127.0.0.1:57009" [_thread_blocked, id=11104, stack(0x00000087e0100000,0x00000087e0200000)]
  0x000001d96c3cd800 JavaThread "Stdin handler" [_thread_blocked, id=1276, stack(0x00000087e0200000,0x00000087e0300000)]
  0x000001d96c076800 JavaThread "Daemon client event forwarder" [_thread_blocked, id=15264, stack(0x00000087e0300000,0x00000087e0400000)]
  0x000001d96c077800 JavaThread "Cache worker for journal cache (C:\Users\User\.gradle\caches\journal-1)" [_thread_blocked, id=8568, stack(0x00000087e0500000,0x00000087e0600000)]
  0x000001d96c075000 JavaThread "File lock request listener" [_thread_in_native, id=13428, stack(0x00000087e0600000,0x00000087e0700000)]
  0x000001d96c075800 JavaThread "Cache worker for file hash cache (C:\Users\User\.gradle\caches\7.2\fileHashes)" [_thread_blocked, id=3004, stack(0x00000087e0700000,0x00000087e0800000)]
  0x000001d96c1a1800 JavaThread "Cache worker for file hash cache (C:\Users\User\AndroidStudioProjects\ToDo20\.gradle\7.2\fileHashes)" [_thread_blocked, id=10656, stack(0x00000087e0900000,0x00000087e0a00000)]
  0x000001d96c1a7800 JavaThread "File watcher server" daemon [_thread_in_native, id=9924, stack(0x00000087e0a00000,0x00000087e0b00000)]
  0x000001d96c1a2800 JavaThread "File watcher consumer" daemon [_thread_blocked, id=8676, stack(0x00000087e0b00000,0x00000087e0c00000)]
  0x000001d96c1a4000 JavaThread "Cache worker for checksums cache (C:\Users\User\AndroidStudioProjects\ToDo20\.gradle\checksums)" [_thread_blocked, id=8536, stack(0x00000087e0c00000,0x00000087e0d00000)]
  0x000001d96c1a9000 JavaThread "Cache worker for cache directory md-supplier (C:\Users\User\.gradle\caches\7.2\md-supplier)" [_thread_blocked, id=4720, stack(0x00000087e0d00000,0x00000087e0e00000)]
  0x000001d96c1a3000 JavaThread "Cache worker for cache directory md-rule (C:\Users\User\.gradle\caches\7.2\md-rule)" [_thread_blocked, id=9940, stack(0x00000087e0800000,0x00000087e0900000)]
  0x000001d96c1a5800 JavaThread "Cache worker for execution history cache (C:\Users\User\.gradle\caches\7.2\executionHistory)" [_thread_blocked, id=16812, stack(0x00000087e0f00000,0x00000087e1000000)]
  0x000001d96c1aa800 JavaThread "jar transforms" [_thread_blocked, id=10092, stack(0x00000087e1000000,0x00000087e1100000)]
  0x000001d96c1a5000 JavaThread "Cache worker for file content cache (C:\Users\User\.gradle\caches\7.2\fileContent)" [_thread_blocked, id=8748, stack(0x00000087e1100000,0x00000087e1200000)]
  0x000001d96c1ab800 JavaThread "jar transforms Thread 2" [_thread_blocked, id=9204, stack(0x00000087e1200000,0x00000087e1300000)]
  0x000001d96c1a6800 JavaThread "Cache worker for dependencies-accessors (C:\Users\User\AndroidStudioProjects\ToDo20\.gradle\7.2\dependencies-accessors)" [_thread_blocked, id=8092, stack(0x00000087e1300000,0x00000087e1400000)]
  0x000001d96c1ad000 JavaThread "jar transforms Thread 3" [_thread_blocked, id=16020, stack(0x00000087e1400000,0x00000087e1500000)]
  0x000001d96c1ae000 JavaThread "Cache worker for Build Output Cleanup Cache (C:\Users\User\AndroidStudioProjects\ToDo20\.gradle\buildOutputCleanup)" [_thread_blocked, id=15208, stack(0x00000087e1500000,0x00000087e1600000)]
  0x000001d96c1a8000 JavaThread "Unconstrained build operations" [_thread_blocked, id=5224, stack(0x00000087e0e00000,0x00000087e0f00000)]
  0x000001d96c1ae800 JavaThread "Unconstrained build operations Thread 2" [_thread_blocked, id=12700, stack(0x00000087e1600000,0x00000087e1700000)]
  0x000001d96c1af800 JavaThread "Unconstrained build operations Thread 3" [_thread_blocked, id=10132, stack(0x00000087e1700000,0x00000087e1800000)]
  0x000001d96c1b0000 JavaThread "Unconstrained build operations Thread 4" [_thread_blocked, id=11036, stack(0x00000087e1800000,0x00000087e1900000)]
  0x000001d96f90f000 JavaThread "Unconstrained build operations Thread 5" [_thread_blocked, id=7016, stack(0x00000087e1900000,0x00000087e1a00000)]
  0x000001d96f90f800 JavaThread "Unconstrained build operations Thread 6" [_thread_blocked, id=3040, stack(0x00000087e1a00000,0x00000087e1b00000)]
  0x000001d96f90c800 JavaThread "Unconstrained build operations Thread 7" [_thread_blocked, id=5156, stack(0x00000087e1b00000,0x00000087e1c00000)]
  0x000001d96f90b800 JavaThread "Unconstrained build operations Thread 8" [_thread_blocked, id=7880, stack(0x00000087e1c00000,0x00000087e1d00000)]
  0x000001d96f90e000 JavaThread "Unconstrained build operations Thread 9" [_thread_blocked, id=3240, stack(0x00000087e1d00000,0x00000087e1e00000)]
  0x000001d96f90a000 JavaThread "Unconstrained build operations Thread 10" [_thread_blocked, id=12308, stack(0x00000087e1e00000,0x00000087e1f00000)]
  0x000001d96f910800 JavaThread "Unconstrained build operations Thread 11" [_thread_blocked, id=5572, stack(0x00000087e1f00000,0x00000087e2000000)]
  0x000001d96f90d000 JavaThread "Unconstrained build operations Thread 12" [_thread_blocked, id=16324, stack(0x00000087e2000000,0x00000087e2100000)]
  0x000001d96f90b000 JavaThread "Unconstrained build operations Thread 13" [_thread_blocked, id=15680, stack(0x00000087e2100000,0x00000087e2200000)]
  0x000001d96f913800 JavaThread "Unconstrained build operations Thread 14" [_thread_blocked, id=8892, stack(0x00000087e2200000,0x00000087e2300000)]
  0x000001d96f912000 JavaThread "Unconstrained build operations Thread 15" [_thread_blocked, id=14404, stack(0x00000087e2300000,0x00000087e2400000)]
  0x000001d96f914800 JavaThread "Unconstrained build operations Thread 16" [_thread_blocked, id=16028, stack(0x00000087e2400000,0x00000087e2500000)]
  0x000001d96f913000 JavaThread "Unconstrained build operations Thread 17" [_thread_blocked, id=10584, stack(0x00000087e2500000,0x00000087e2600000)]
  0x000001d96f917000 JavaThread "Unconstrained build operations Thread 18" [_thread_blocked, id=3684, stack(0x00000087e2600000,0x00000087e2700000)]
  0x000001d96f915800 JavaThread "Unconstrained build operations Thread 19" [_thread_blocked, id=17340, stack(0x00000087e2700000,0x00000087e2800000)]
  0x000001d96f916000 JavaThread "Unconstrained build operations Thread 20" [_thread_blocked, id=13076, stack(0x00000087e2800000,0x00000087e2900000)]
  0x000001d96f911800 JavaThread "Unconstrained build operations Thread 21" [_thread_blocked, id=12456, stack(0x00000087e2900000,0x00000087e2a00000)]
  0x000001d96f918000 JavaThread "Unconstrained build operations Thread 22" [_thread_blocked, id=1620, stack(0x00000087e2a00000,0x00000087e2b00000)]
  0x000001d96f918800 JavaThread "Unconstrained build operations Thread 23" [_thread_blocked, id=7660, stack(0x00000087e2b00000,0x00000087e2c00000)]
  0x000001d96ac5f800 JavaThread "Unconstrained build operations Thread 24" [_thread_blocked, id=2776, stack(0x00000087e2c00000,0x00000087e2d00000)]
  0x000001d96ac5b800 JavaThread "Unconstrained build operations Thread 25" [_thread_blocked, id=5480, stack(0x00000087e2d00000,0x00000087e2e00000)]
  0x000001d96ac5a000 JavaThread "Unconstrained build operations Thread 26" [_thread_blocked, id=5256, stack(0x00000087e2e00000,0x00000087e2f00000)]
  0x000001d96ac5c000 JavaThread "Unconstrained build operations Thread 27" [_thread_blocked, id=15656, stack(0x00000087e2f00000,0x00000087e3000000)]
  0x000001d96ac5e800 JavaThread "Unconstrained build operations Thread 28" [_thread_blocked, id=2648, stack(0x00000087e3000000,0x00000087e3100000)]
  0x000001d96ac5a800 JavaThread "Unconstrained build operations Thread 29" [_thread_blocked, id=15344, stack(0x00000087e3100000,0x00000087e3200000)]
  0x000001d96ac5e000 JavaThread "Unconstrained build operations Thread 30" [_thread_blocked, id=12756, stack(0x00000087e3200000,0x00000087e3300000)]
  0x000001d96ac60800 JavaThread "Unconstrained build operations Thread 31" [_thread_blocked, id=7072, stack(0x00000087e3300000,0x00000087e3400000)]
  0x000001d96ac61000 JavaThread "Unconstrained build operations Thread 32" [_thread_blocked, id=5948, stack(0x00000087e3400000,0x00000087e3500000)]
  0x000001d96ac62000 JavaThread "Unconstrained build operations Thread 33" [_thread_blocked, id=2684, stack(0x00000087e3500000,0x00000087e3600000)]
  0x000001d96ac63000 JavaThread "Unconstrained build operations Thread 34" [_thread_blocked, id=13908, stack(0x00000087e3600000,0x00000087e3700000)]
  0x000001d96ac5d000 JavaThread "Unconstrained build operations Thread 35" [_thread_blocked, id=6092, stack(0x00000087e3700000,0x00000087e3800000)]
  0x000001d96ac63800 JavaThread "Unconstrained build operations Thread 36" [_thread_blocked, id=9552, stack(0x00000087e3800000,0x00000087e3900000)]
  0x000001d96ac64800 JavaThread "Unconstrained build operations Thread 37" [_thread_blocked, id=16668, stack(0x00000087e3900000,0x00000087e3a00000)]
  0x000001d96ac65000 JavaThread "Unconstrained build operations Thread 38" [_thread_blocked, id=6020, stack(0x00000087e3a00000,0x00000087e3b00000)]
  0x000001d96ac67000 JavaThread "Unconstrained build operations Thread 39" [_thread_blocked, id=2808, stack(0x00000087e3b00000,0x00000087e3c00000)]
  0x000001d96ac68800 JavaThread "Unconstrained build operations Thread 40" [_thread_blocked, id=8328, stack(0x00000087e3c00000,0x00000087e3d00000)]
  0x000001d96ac66000 JavaThread "jar transforms Thread 4" [_thread_blocked, id=14172, stack(0x00000087e3e00000,0x00000087e3f00000)]
  0x000001d96ac67800 JavaThread "Memory manager" [_thread_blocked, id=16708, stack(0x00000087e3f00000,0x00000087e4000000)]
  0x000001d96da00000 JavaThread "build event listener" [_thread_blocked, id=16636, stack(0x00000087e4000000,0x00000087e4100000)]
  0x000001d96da01000 JavaThread "build event listener" [_thread_blocked, id=10340, stack(0x00000087e4100000,0x00000087e4200000)]
  0x000001d96d9fd800 JavaThread "Execution worker for ':'" [_thread_blocked, id=5584, stack(0x00000087e4200000,0x00000087e4300000)]
  0x000001d96d9fb000 JavaThread "Execution worker for ':' Thread 2" [_thread_blocked, id=17292, stack(0x00000087e4300000,0x00000087e4400000)]
  0x000001d96d9fd000 JavaThread "Execution worker for ':' Thread 3" [_thread_blocked, id=2688, stack(0x00000087e4400000,0x00000087e4500000)]
  0x000001d96da01800 JavaThread "Cache worker for execution history cache (C:\Users\User\AndroidStudioProjects\ToDo20\.gradle\7.2\executionHistory)" [_thread_blocked, id=1408, stack(0x00000087e4500000,0x00000087e4600000)]
  0x000001d96d9fc000 JavaThread "WorkerExecutor Queue" [_thread_in_Java, id=9284, stack(0x00000087de400000,0x00000087de500000)]
  0x000001d96da02800 JavaThread "WorkerExecutor Queue Thread 2" [_thread_in_Java, id=4672, stack(0x00000087e3d00000,0x00000087e3e00000)]
  0x000001d96da03800 JavaThread "WorkerExecutor Queue Thread 3" [_thread_in_native, id=12432, stack(0x00000087e4900000,0x00000087e4a00000)]
  0x000001d96d9ff800 JavaThread "WorkerExecutor Queue Thread 4" [_thread_in_native, id=3992, stack(0x00000087e4a00000,0x00000087e4b00000)]

Other Threads:
  0x000001d969471000 VMThread "VM Thread" [stack: 0x00000087ded00000,0x00000087dee00000] [id=16880]
  0x000001d969eae000 WatcherThread [stack: 0x00000087df700000,0x00000087df800000] [id=16872]
  0x000001d94d973800 GCTaskThread "GC Thread#0" [stack: 0x00000087de800000,0x00000087de900000] [id=6500]
  0x000001d96a2e2800 GCTaskThread "GC Thread#1" [stack: 0x00000087df900000,0x00000087dfa00000] [id=16132]
  0x000001d96a2c5800 GCTaskThread "GC Thread#2" [stack: 0x00000087dfa00000,0x00000087dfb00000] [id=1260]
  0x000001d96caa4800 GCTaskThread "GC Thread#3" [stack: 0x00000087e0400000,0x00000087e0500000] [id=13060]
  0x000001d94d9a5800 ConcurrentGCThread "G1 Main Marker" [stack: 0x00000087de900000,0x00000087dea00000] [id=8932]
  0x000001d94d9a7000 ConcurrentGCThread "G1 Conc#0" [stack: 0x00000087dea00000,0x00000087deb00000] [id=13288]
  0x000001d94da35000 ConcurrentGCThread "G1 Refine#0" [stack: 0x00000087deb00000,0x00000087dec00000] [id=8336]
  0x000001d974b3b000 ConcurrentGCThread "G1 Refine#1" [stack: 0x00000087e4800000,0x00000087e4900000] [id=15912]
  0x000001d94da36000 ConcurrentGCThread "G1 Young RemSet Sampling" [stack: 0x00000087dec00000,0x00000087ded00000] [id=3232]

Threads with active compile tasks:
C2 CompilerThread0  47411 12520       4       com.ctc.wstx.io.UTF8Reader::read (929 bytes)

VM state:not at safepoint (normal execution)

VM Mutex/Monitor currently owned by a thread: None

Heap address: 0x0000000080000000, size: 2048 MB, Compressed Oops mode: 32-bit
Narrow klass base: 0x0000000000000000, Narrow klass shift: 3
Compressed class space size: 1073741824 Address: 0x0000000100000000

Heap:
 garbage-first heap   total 268288K, used 166541K [0x0000000080000000, 0x0000000100000000)
  region size 1024K, 64 young (65536K), 8 survivors (8192K)
 Metaspace       used 92715K, capacity 94795K, committed 95060K, reserved 1132544K
  class space    used 11640K, capacity 12460K, committed 12544K, reserved 1048576K
Heap Regions: E=young(eden), S=young(survivor), O=old, HS=humongous(starts), HC=humongous(continues), CS=collection set, F=free, A=archive, TAMS=top-at-mark-start (previous, next)
|   0|0x0000000080000000, 0x0000000080100000, 0x0000000080100000|100%| O|  |TAMS 0x0000000080100000, 0x0000000080000000| Untracked 
|   1|0x0000000080100000, 0x0000000080200000, 0x0000000080200000|100%| O|  |TAMS 0x0000000080200000, 0x0000000080100000| Untracked 
|   2|0x0000000080200000, 0x0000000080300000, 0x0000000080300000|100%| O|  |TAMS 0x0000000080300000, 0x0000000080200000| Untracked 
|   3|0x0000000080300000, 0x0000000080400000, 0x0000000080400000|100%|HS|  |TAMS 0x0000000080400000, 0x0000000080300000| Complete 
|   4|0x0000000080400000, 0x0000000080500000, 0x0000000080500000|100%|HC|  |TAMS 0x0000000080500000, 0x0000000080400000| Complete 
|   5|0x0000000080500000, 0x0000000080600000, 0x0000000080600000|100%|HC|  |TAMS 0x0000000080600000, 0x0000000080500000| Complete 
|   6|0x0000000080600000, 0x0000000080700000, 0x0000000080700000|100%| O|  |TAMS 0x0000000080700000, 0x0000000080600000| Untracked 
|   7|0x0000000080700000, 0x0000000080800000, 0x0000000080800000|100%| O|  |TAMS 0x0000000080800000, 0x0000000080700000| Untracked 
|   8|0x0000000080800000, 0x0000000080900000, 0x0000000080900000|100%| O|  |TAMS 0x0000000080900000, 0x0000000080800000| Untracked 
|   9|0x0000000080900000, 0x0000000080a00000, 0x0000000080a00000|100%| O|  |TAMS 0x0000000080a00000, 0x0000000080900000| Untracked 
|  10|0x0000000080a00000, 0x0000000080b00000, 0x0000000080b00000|100%| O|  |TAMS 0x0000000080b00000, 0x0000000080a00000| Untracked 
|  11|0x0000000080b00000, 0x0000000080c00000, 0x0000000080c00000|100%| O|  |TAMS 0x0000000080c00000, 0x0000000080b00000| Untracked 
|  12|0x0000000080c00000, 0x0000000080d00000, 0x0000000080d00000|100%| O|  |TAMS 0x0000000080d00000, 0x0000000080c00000| Untracked 
|  13|0x0000000080d00000, 0x0000000080e00000, 0x0000000080e00000|100%| O|  |TAMS 0x0000000080e00000, 0x0000000080d00000| Untracked 
|  14|0x0000000080e00000, 0x0000000080f00000, 0x0000000080f00000|100%| O|  |TAMS 0x0000000080f00000, 0x0000000080e00000| Untracked 
|  15|0x0000000080f00000, 0x0000000081000000, 0x0000000081000000|100%| O|  |TAMS 0x0000000081000000, 0x0000000080f00000| Untracked 
|  16|0x0000000081000000, 0x0000000081100000, 0x0000000081100000|100%| O|  |TAMS 0x0000000081100000, 0x0000000081000000| Untracked 
|  17|0x0000000081100000, 0x0000000081200000, 0x0000000081200000|100%|HS|  |TAMS 0x0000000081200000, 0x0000000081100000| Complete 
|  18|0x0000000081200000, 0x0000000081300000, 0x0000000081300000|100%| O|  |TAMS 0x0000000081300000, 0x0000000081200000| Untracked 
|  19|0x0000000081300000, 0x0000000081400000, 0x0000000081400000|100%| O|  |TAMS 0x0000000081400000, 0x0000000081300000| Untracked 
|  20|0x0000000081400000, 0x0000000081500000, 0x0000000081500000|100%| O|  |TAMS 0x0000000081500000, 0x0000000081400000| Untracked 
|  21|0x0000000081500000, 0x0000000081600000, 0x0000000081600000|100%| O|  |TAMS 0x0000000081600000, 0x0000000081500000| Untracked 
|  22|0x0000000081600000, 0x0000000081700000, 0x0000000081700000|100%| O|  |TAMS 0x0000000081700000, 0x0000000081600000| Untracked 
|  23|0x0000000081700000, 0x0000000081800000, 0x0000000081800000|100%|HS|  |TAMS 0x0000000081800000, 0x0000000081700000| Complete 
|  24|0x0000000081800000, 0x0000000081900000, 0x0000000081900000|100%|HS|  |TAMS 0x0000000081900000, 0x0000000081800000| Complete 
|  25|0x0000000081900000, 0x0000000081a00000, 0x0000000081a00000|100%|HS|  |TAMS 0x0000000081a00000, 0x0000000081900000| Complete 
|  26|0x0000000081a00000, 0x0000000081b00000, 0x0000000081b00000|100%|HS|  |TAMS 0x0000000081b00000, 0x0000000081a00000| Complete 
|  27|0x0000000081b00000, 0x0000000081c00000, 0x0000000081c00000|100%|HC|  |TAMS 0x0000000081c00000, 0x0000000081b00000| Complete 
|  28|0x0000000081c00000, 0x0000000081d00000, 0x0000000081d00000|100%|HC|  |TAMS 0x0000000081d00000, 0x0000000081c00000| Complete 
|  29|0x0000000081d00000, 0x0000000081e00000, 0x0000000081e00000|100%|HS|  |TAMS 0x0000000081e00000, 0x0000000081d00000| Complete 
|  30|0x0000000081e00000, 0x0000000081f00000, 0x0000000081f00000|100%|HC|  |TAMS 0x0000000081f00000, 0x0000000081e00000| Complete 
|  31|0x0000000081f00000, 0x0000000082000000, 0x0000000082000000|100%| O|  |TAMS 0x0000000082000000, 0x0000000081f00000| Untracked 
|  32|0x0000000082000000, 0x0000000082100000, 0x0000000082100000|100%| O|  |TAMS 0x0000000082100000, 0x0000000082000000| Untracked 
|  33|0x0000000082100000, 0x0000000082200000, 0x0000000082200000|100%| O|  |TAMS 0x0000000082200000, 0x0000000082100000| Untracked 
|  34|0x0000000082200000, 0x0000000082300000, 0x0000000082300000|100%| O|  |TAMS 0x0000000082300000, 0x0000000082200000| Untracked 
|  35|0x0000000082300000, 0x0000000082400000, 0x0000000082400000|100%| O|  |TAMS 0x0000000082400000, 0x0000000082300000| Untracked 
|  36|0x0000000082400000, 0x0000000082500000, 0x0000000082500000|100%| O|  |TAMS 0x0000000082500000, 0x0000000082400000| Untracked 
|  37|0x0000000082500000, 0x0000000082600000, 0x0000000082600000|100%| O|  |TAMS 0x0000000082600000, 0x0000000082500000| Untracked 
|  38|0x0000000082600000, 0x0000000082700000, 0x0000000082700000|100%| O|  |TAMS 0x0000000082700000, 0x0000000082600000| Untracked 
|  39|0x0000000082700000, 0x0000000082800000, 0x0000000082800000|100%| O|  |TAMS 0x0000000082800000, 0x0000000082700000| Untracked 
|  40|0x0000000082800000, 0x0000000082900000, 0x0000000082900000|100%| O|  |TAMS 0x0000000082900000, 0x0000000082800000| Untracked 
|  41|0x0000000082900000, 0x0000000082a00000, 0x0000000082a00000|100%| O|  |TAMS 0x0000000082a00000, 0x0000000082900000| Untracked 
|  42|0x0000000082a00000, 0x0000000082b00000, 0x0000000082b00000|100%| O|  |TAMS 0x0000000082b00000, 0x0000000082a00000| Untracked 
|  43|0x0000000082b00000, 0x0000000082c00000, 0x0000000082c00000|100%| O|  |TAMS 0x0000000082c00000, 0x0000000082b00000| Untracked 
|  44|0x0000000082c00000, 0x0000000082d00000, 0x0000000082d00000|100%| O|  |TAMS 0x0000000082d00000, 0x0000000082c00000| Untracked 
|  45|0x0000000082d00000, 0x0000000082e00000, 0x0000000082e00000|100%| O|  |TAMS 0x0000000082e00000, 0x0000000082d00000| Untracked 
|  46|0x0000000082e00000, 0x0000000082f00000, 0x0000000082f00000|100%| O|  |TAMS 0x0000000082f00000, 0x0000000082e00000| Untracked 
|  47|0x0000000082f00000, 0x0000000083000000, 0x0000000083000000|100%| O|  |TAMS 0x0000000083000000, 0x0000000082f00000| Untracked 
|  48|0x0000000083000000, 0x0000000083100000, 0x0000000083100000|100%| O|  |TAMS 0x0000000083100000, 0x0000000083000000| Untracked 
|  49|0x0000000083100000, 0x0000000083200000, 0x0000000083200000|100%| O|  |TAMS 0x0000000083200000, 0x0000000083100000| Untracked 
|  50|0x0000000083200000, 0x0000000083300000, 0x0000000083300000|100%| O|  |TAMS 0x0000000083300000, 0x0000000083200000| Untracked 
|  51|0x0000000083300000, 0x0000000083400000, 0x0000000083400000|100%| O|  |TAMS 0x0000000083400000, 0x0000000083300000| Untracked 
|  52|0x0000000083400000, 0x0000000083500000, 0x0000000083500000|100%| O|  |TAMS 0x0000000083500000, 0x0000000083400000| Untracked 
|  53|0x0000000083500000, 0x0000000083600000, 0x0000000083600000|100%| O|  |TAMS 0x0000000083600000, 0x0000000083500000| Untracked 
|  54|0x0000000083600000, 0x0000000083700000, 0x0000000083700000|100%| O|  |TAMS 0x0000000083700000, 0x0000000083600000| Untracked 
|  55|0x0000000083700000, 0x0000000083800000, 0x0000000083800000|100%| O|  |TAMS 0x0000000083800000, 0x0000000083700000| Untracked 
|  56|0x0000000083800000, 0x0000000083900000, 0x0000000083900000|100%| O|  |TAMS 0x0000000083900000, 0x0000000083800000| Untracked 
|  57|0x0000000083900000, 0x0000000083a00000, 0x0000000083a00000|100%| O|  |TAMS 0x0000000083a00000, 0x0000000083900000| Untracked 
|  58|0x0000000083a00000, 0x0000000083b00000, 0x0000000083b00000|100%| O|  |TAMS 0x0000000083b00000, 0x0000000083a00000| Untracked 
|  59|0x0000000083b00000, 0x0000000083c00000, 0x0000000083c00000|100%| O|  |TAMS 0x0000000083c00000, 0x0000000083b00000| Untracked 
|  60|0x0000000083c00000, 0x0000000083d00000, 0x0000000083d00000|100%| O|  |TAMS 0x0000000083d00000, 0x0000000083c00000| Untracked 
|  61|0x0000000083d00000, 0x0000000083e00000, 0x0000000083e00000|100%| O|  |TAMS 0x0000000083e00000, 0x0000000083d00000| Untracked 
|  62|0x0000000083e00000, 0x0000000083f00000, 0x0000000083f00000|100%| O|  |TAMS 0x0000000083f00000, 0x0000000083e00000| Untracked 
|  63|0x0000000083f00000, 0x0000000084000000, 0x0000000084000000|100%| O|  |TAMS 0x0000000084000000, 0x0000000083f00000| Untracked 
|  64|0x0000000084000000, 0x0000000084100000, 0x0000000084100000|100%| O|  |TAMS 0x0000000084100000, 0x0000000084000000| Untracked 
|  65|0x0000000084100000, 0x0000000084100000, 0x0000000084200000|  0%| F|  |TAMS 0x0000000084100000, 0x0000000084100000| Untracked 
|  66|0x0000000084200000, 0x0000000084300000, 0x0000000084300000|100%| O|  |TAMS 0x0000000084300000, 0x0000000084200000| Untracked 
|  67|0x0000000084300000, 0x0000000084400000, 0x0000000084400000|100%|HS|  |TAMS 0x0000000084400000, 0x0000000084300000| Complete 
|  68|0x0000000084400000, 0x0000000084500000, 0x0000000084500000|100%| O|  |TAMS 0x0000000084500000, 0x0000000084400000| Untracked 
|  69|0x0000000084500000, 0x0000000084600000, 0x0000000084600000|100%| O|  |TAMS 0x0000000084600000, 0x0000000084500000| Untracked 
|  70|0x0000000084600000, 0x0000000084700000, 0x0000000084700000|100%| O|  |TAMS 0x0000000084700000, 0x0000000084600000| Untracked 
|  71|0x0000000084700000, 0x0000000084800000, 0x0000000084800000|100%| O|  |TAMS 0x0000000084800000, 0x0000000084700000| Untracked 
|  72|0x0000000084800000, 0x0000000084900000, 0x0000000084900000|100%| O|  |TAMS 0x0000000084900000, 0x0000000084800000| Untracked 
|  73|0x0000000084900000, 0x0000000084a00000, 0x0000000084a00000|100%| O|  |TAMS 0x0000000084a00000, 0x0000000084900000| Untracked 
|  74|0x0000000084a00000, 0x0000000084b00000, 0x0000000084b00000|100%| O|  |TAMS 0x0000000084b00000, 0x0000000084a00000| Untracked 
|  75|0x0000000084b00000, 0x0000000084c00000, 0x0000000084c00000|100%| O|  |TAMS 0x0000000084c00000, 0x0000000084b00000| Untracked 
|  76|0x0000000084c00000, 0x0000000084d00000, 0x0000000084d00000|100%| O|  |TAMS 0x0000000084d00000, 0x0000000084c00000| Untracked 
|  77|0x0000000084d00000, 0x0000000084e00000, 0x0000000084e00000|100%| O|  |TAMS 0x0000000084e00000, 0x0000000084d00000| Untracked 
|  78|0x0000000084e00000, 0x0000000084f00000, 0x0000000084f00000|100%| O|  |TAMS 0x0000000084f00000, 0x0000000084e00000| Untracked 
|  79|0x0000000084f00000, 0x0000000085000000, 0x0000000085000000|100%| O|  |TAMS 0x0000000085000000, 0x0000000084f00000| Untracked 
|  80|0x0000000085000000, 0x0000000085100000, 0x0000000085100000|100%| O|  |TAMS 0x0000000085100000, 0x0000000085000000| Untracked 
|  81|0x0000000085100000, 0x0000000085200000, 0x0000000085200000|100%| O|  |TAMS 0x0000000085200000, 0x0000000085100000| Untracked 
|  82|0x0000000085200000, 0x0000000085200000, 0x0000000085300000|  0%| F|  |TAMS 0x0000000085200000, 0x0000000085200000| Untracked 
|  83|0x0000000085300000, 0x0000000085300000, 0x0000000085400000|  0%| F|  |TAMS 0x0000000085300000, 0x0000000085300000| Untracked 
|  84|0x0000000085400000, 0x0000000085500000, 0x0000000085500000|100%| O|  |TAMS 0x0000000085500000, 0x0000000085400000| Untracked 
|  85|0x0000000085500000, 0x0000000085600000, 0x0000000085600000|100%| O|  |TAMS 0x0000000085600000, 0x0000000085500000| Untracked 
|  86|0x0000000085600000, 0x0000000085700000, 0x0000000085700000|100%| O|  |TAMS 0x0000000085700000, 0x0000000085600000| Untracked 
|  87|0x0000000085700000, 0x0000000085800000, 0x0000000085800000|100%| O|  |TAMS 0x0000000085800000, 0x0000000085700000| Untracked 
|  88|0x0000000085800000, 0x0000000085900000, 0x0000000085900000|100%| O|  |TAMS 0x0000000085900000, 0x0000000085800000| Untracked 
|  89|0x0000000085900000, 0x0000000085a00000, 0x0000000085a00000|100%| O|  |TAMS 0x0000000085a00000, 0x0000000085900000| Untracked 
|  90|0x0000000085a00000, 0x0000000085b00000, 0x0000000085b00000|100%| O|  |TAMS 0x0000000085b00000, 0x0000000085a00000| Untracked 
|  91|0x0000000085b00000, 0x0000000085c00000, 0x0000000085c00000|100%| O|  |TAMS 0x0000000085c00000, 0x0000000085b00000| Untracked 
|  92|0x0000000085c00000, 0x0000000085d00000, 0x0000000085d00000|100%| O|  |TAMS 0x0000000085d00000, 0x0000000085c00000| Untracked 
|  93|0x0000000085d00000, 0x0000000085e00000, 0x0000000085e00000|100%| O|  |TAMS 0x0000000085d80000, 0x0000000085d00000| Untracked 
|  94|0x0000000085e00000, 0x0000000085e00000, 0x0000000085f00000|  0%| F|  |TAMS 0x0000000085e00000, 0x0000000085e00000| Untracked 
|  95|0x0000000085f00000, 0x0000000085f00000, 0x0000000086000000|  0%| F|  |TAMS 0x0000000085f00000, 0x0000000085f00000| Untracked 
|  96|0x0000000086000000, 0x0000000086000000, 0x0000000086100000|  0%| F|  |TAMS 0x0000000086000000, 0x0000000086000000| Untracked 
|  97|0x0000000086100000, 0x0000000086100000, 0x0000000086200000|  0%| F|  |TAMS 0x0000000086100000, 0x0000000086100000| Untracked 
|  98|0x0000000086200000, 0x0000000086300000, 0x0000000086300000|100%| O|  |TAMS 0x0000000086200000, 0x0000000086200000| Untracked 
|  99|0x0000000086300000, 0x0000000086400000, 0x0000000086400000|100%| O|  |TAMS 0x0000000086300000, 0x0000000086300000| Untracked 
| 100|0x0000000086400000, 0x0000000086500000, 0x0000000086500000|100%| O|  |TAMS 0x0000000086400000, 0x0000000086400000| Untracked 
| 101|0x0000000086500000, 0x0000000086600000, 0x0000000086600000|100%| O|  |TAMS 0x0000000086500000, 0x0000000086500000| Untracked 
| 102|0x0000000086600000, 0x0000000086700000, 0x0000000086700000|100%| O|  |TAMS 0x0000000086600000, 0x0000000086600000| Untracked 
| 103|0x0000000086700000, 0x0000000086800000, 0x0000000086800000|100%| O|  |TAMS 0x0000000086700000, 0x0000000086700000| Untracked 
| 104|0x0000000086800000, 0x0000000086900000, 0x0000000086900000|100%| O|  |TAMS 0x0000000086800000, 0x0000000086800000| Untracked 
| 105|0x0000000086900000, 0x0000000086900000, 0x0000000086a00000|  0%| F|  |TAMS 0x0000000086900000, 0x0000000086900000| Untracked 
| 106|0x0000000086a00000, 0x0000000086a00000, 0x0000000086b00000|  0%| F|  |TAMS 0x0000000086a00000, 0x0000000086a00000| Untracked 
| 107|0x0000000086b00000, 0x0000000086b00000, 0x0000000086c00000|  0%| F|  |TAMS 0x0000000086b00000, 0x0000000086b00000| Untracked 
| 108|0x0000000086c00000, 0x0000000086c00000, 0x0000000086d00000|  0%| F|  |TAMS 0x0000000086c00000, 0x0000000086c00000| Untracked 
| 109|0x0000000086d00000, 0x0000000086d00000, 0x0000000086e00000|  0%| F|  |TAMS 0x0000000086d00000, 0x0000000086d00000| Untracked 
| 110|0x0000000086e00000, 0x0000000086e00000, 0x0000000086f00000|  0%| F|  |TAMS 0x0000000086e00000, 0x0000000086e00000| Untracked 
| 111|0x0000000086f00000, 0x0000000086f00000, 0x0000000087000000|  0%| F|  |TAMS 0x0000000086f00000, 0x0000000086f00000| Untracked 
| 112|0x0000000087000000, 0x0000000087000000, 0x0000000087100000|  0%| F|  |TAMS 0x0000000087000000, 0x0000000087000000| Untracked 
| 113|0x0000000087100000, 0x0000000087200000, 0x0000000087200000|100%| O|  |TAMS 0x0000000087100000, 0x0000000087100000| Untracked 
| 114|0x0000000087200000, 0x0000000087300000, 0x0000000087300000|100%| O|  |TAMS 0x0000000087200000, 0x0000000087200000| Untracked 
| 115|0x0000000087300000, 0x00000000873a3400, 0x0000000087400000| 63%| O|  |TAMS 0x0000000087300000, 0x0000000087300000| Untracked 
| 116|0x0000000087400000, 0x0000000087400000, 0x0000000087500000|  0%| F|  |TAMS 0x0000000087400000, 0x0000000087400000| Untracked 
| 117|0x0000000087500000, 0x0000000087500000, 0x0000000087600000|  0%| F|  |TAMS 0x0000000087500000, 0x0000000087500000| Untracked 
| 118|0x0000000087600000, 0x0000000087600000, 0x0000000087700000|  0%| F|  |TAMS 0x0000000087600000, 0x0000000087600000| Untracked 
| 119|0x0000000087700000, 0x0000000087700000, 0x0000000087800000|  0%| F|  |TAMS 0x0000000087700000, 0x0000000087700000| Untracked 
| 120|0x0000000087800000, 0x0000000087800000, 0x0000000087900000|  0%| F|  |TAMS 0x0000000087800000, 0x0000000087800000| Untracked 
| 121|0x0000000087900000, 0x0000000087900000, 0x0000000087a00000|  0%| F|  |TAMS 0x0000000087900000, 0x0000000087900000| Untracked 
| 122|0x0000000087a00000, 0x0000000087a00000, 0x0000000087b00000|  0%| F|  |TAMS 0x0000000087a00000, 0x0000000087a00000| Untracked 
| 123|0x0000000087b00000, 0x0000000087b00000, 0x0000000087c00000|  0%| F|  |TAMS 0x0000000087b00000, 0x0000000087b00000| Untracked 
| 124|0x0000000087c00000, 0x0000000087c00000, 0x0000000087d00000|  0%| F|  |TAMS 0x0000000087c00000, 0x0000000087c00000| Untracked 
| 125|0x0000000087d00000, 0x0000000087d00000, 0x0000000087e00000|  0%| F|  |TAMS 0x0000000087d00000, 0x0000000087d00000| Untracked 
| 126|0x0000000087e00000, 0x0000000087e00000, 0x0000000087f00000|  0%| F|  |TAMS 0x0000000087e00000, 0x0000000087e00000| Untracked 
| 127|0x0000000087f00000, 0x0000000087f00000, 0x0000000088000000|  0%| F|  |TAMS 0x0000000087f00000, 0x0000000087f00000| Untracked 
| 128|0x0000000088000000, 0x0000000088000000, 0x0000000088100000|  0%| F|  |TAMS 0x0000000088000000, 0x0000000088000000| Untracked 
| 129|0x0000000088100000, 0x0000000088100000, 0x0000000088200000|  0%| F|  |TAMS 0x0000000088100000, 0x0000000088100000| Untracked 
| 130|0x0000000088200000, 0x0000000088200000, 0x0000000088300000|  0%| F|  |TAMS 0x0000000088200000, 0x0000000088200000| Untracked 
| 131|0x0000000088300000, 0x0000000088300000, 0x0000000088400000|  0%| F|  |TAMS 0x0000000088300000, 0x0000000088300000| Untracked 
| 132|0x0000000088400000, 0x0000000088400000, 0x0000000088500000|  0%| F|  |TAMS 0x0000000088400000, 0x0000000088400000| Untracked 
| 133|0x0000000088500000, 0x0000000088500000, 0x0000000088600000|  0%| F|  |TAMS 0x0000000088500000, 0x0000000088500000| Untracked 
| 134|0x0000000088600000, 0x0000000088600000, 0x0000000088700000|  0%| F|  |TAMS 0x0000000088600000, 0x0000000088600000| Untracked 
| 135|0x0000000088700000, 0x0000000088700000, 0x0000000088800000|  0%| F|  |TAMS 0x0000000088700000, 0x0000000088700000| Untracked 
| 136|0x0000000088800000, 0x0000000088800000, 0x0000000088900000|  0%| F|  |TAMS 0x0000000088800000, 0x0000000088800000| Untracked 
| 137|0x0000000088900000, 0x0000000088900000, 0x0000000088a00000|  0%| F|  |TAMS 0x0000000088900000, 0x0000000088900000| Untracked 
| 138|0x0000000088a00000, 0x0000000088a00000, 0x0000000088b00000|  0%| F|  |TAMS 0x0000000088a00000, 0x0000000088a00000| Untracked 
| 139|0x0000000088b00000, 0x0000000088b00000, 0x0000000088c00000|  0%| F|  |TAMS 0x0000000088b00000, 0x0000000088b00000| Untracked 
| 140|0x0000000088c00000, 0x0000000088c00000, 0x0000000088d00000|  0%| F|  |TAMS 0x0000000088c00000, 0x0000000088c00000| Untracked 
| 141|0x0000000088d00000, 0x0000000088d00000, 0x0000000088e00000|  0%| F|  |TAMS 0x0000000088d00000, 0x0000000088d00000| Untracked 
| 142|0x0000000088e00000, 0x0000000088e00000, 0x0000000088f00000|  0%| F|  |TAMS 0x0000000088e00000, 0x0000000088e00000| Untracked 
| 143|0x0000000088f00000, 0x0000000088f00000, 0x0000000089000000|  0%| F|  |TAMS 0x0000000088f00000, 0x0000000088f00000| Untracked 
| 144|0x0000000089000000, 0x0000000089000000, 0x0000000089100000|  0%| F|  |TAMS 0x0000000089000000, 0x0000000089000000| Untracked 
| 145|0x0000000089100000, 0x0000000089100000, 0x0000000089200000|  0%| F|  |TAMS 0x0000000089100000, 0x0000000089100000| Untracked 
| 146|0x0000000089200000, 0x0000000089200000, 0x0000000089300000|  0%| F|  |TAMS 0x0000000089200000, 0x0000000089200000| Untracked 
| 147|0x0000000089300000, 0x0000000089300000, 0x0000000089400000|  0%| F|  |TAMS 0x0000000089300000, 0x0000000089300000| Untracked 
| 148|0x0000000089400000, 0x0000000089400000, 0x0000000089500000|  0%| F|  |TAMS 0x0000000089400000, 0x0000000089400000| Untracked 
| 149|0x0000000089500000, 0x0000000089500000, 0x0000000089600000|  0%| F|  |TAMS 0x0000000089500000, 0x0000000089500000| Untracked 
| 150|0x0000000089600000, 0x0000000089600000, 0x0000000089700000|  0%| F|  |TAMS 0x0000000089600000, 0x0000000089600000| Untracked 
| 151|0x0000000089700000, 0x0000000089700000, 0x0000000089800000|  0%| F|  |TAMS 0x0000000089700000, 0x0000000089700000| Untracked 
| 152|0x0000000089800000, 0x0000000089800000, 0x0000000089900000|  0%| F|  |TAMS 0x0000000089800000, 0x0000000089800000| Untracked 
| 153|0x0000000089900000, 0x0000000089900000, 0x0000000089a00000|  0%| F|  |TAMS 0x0000000089900000, 0x0000000089900000| Untracked 
| 154|0x0000000089a00000, 0x0000000089a00000, 0x0000000089b00000|  0%| F|  |TAMS 0x0000000089a00000, 0x0000000089a00000| Untracked 
| 155|0x0000000089b00000, 0x0000000089b00000, 0x0000000089c00000|  0%| F|  |TAMS 0x0000000089b00000, 0x0000000089b00000| Untracked 
| 156|0x0000000089c00000, 0x0000000089c00000, 0x0000000089d00000|  0%| F|  |TAMS 0x0000000089c00000, 0x0000000089c00000| Untracked 
| 157|0x0000000089d00000, 0x0000000089d00000, 0x0000000089e00000|  0%| F|  |TAMS 0x0000000089d00000, 0x0000000089d00000| Untracked 
| 158|0x0000000089e00000, 0x0000000089e00000, 0x0000000089f00000|  0%| F|  |TAMS 0x0000000089e00000, 0x0000000089e00000| Untracked 
| 159|0x0000000089f00000, 0x0000000089f00000, 0x000000008a000000|  0%| F|  |TAMS 0x0000000089f00000, 0x0000000089f00000| Untracked 
| 160|0x000000008a000000, 0x000000008a000000, 0x000000008a100000|  0%| F|  |TAMS 0x000000008a000000, 0x000000008a000000| Untracked 
| 161|0x000000008a100000, 0x000000008a100000, 0x000000008a200000|  0%| F|  |TAMS 0x000000008a100000, 0x000000008a100000| Untracked 
| 162|0x000000008a200000, 0x000000008a200000, 0x000000008a300000|  0%| F|  |TAMS 0x000000008a200000, 0x000000008a200000| Untracked 
| 163|0x000000008a300000, 0x000000008a300000, 0x000000008a400000|  0%| F|  |TAMS 0x000000008a300000, 0x000000008a300000| Untracked 
| 164|0x000000008a400000, 0x000000008a400000, 0x000000008a500000|  0%| F|  |TAMS 0x000000008a400000, 0x000000008a400000| Untracked 
| 165|0x000000008a500000, 0x000000008a500000, 0x000000008a600000|  0%| F|  |TAMS 0x000000008a500000, 0x000000008a500000| Untracked 
| 166|0x000000008a600000, 0x000000008a600000, 0x000000008a700000|  0%| F|  |TAMS 0x000000008a600000, 0x000000008a600000| Untracked 
| 167|0x000000008a700000, 0x000000008a700000, 0x000000008a800000|  0%| F|  |TAMS 0x000000008a700000, 0x000000008a700000| Untracked 
| 168|0x000000008a800000, 0x000000008a800000, 0x000000008a900000|  0%| F|  |TAMS 0x000000008a800000, 0x000000008a800000| Untracked 
| 169|0x000000008a900000, 0x000000008a900000, 0x000000008aa00000|  0%| F|  |TAMS 0x000000008a900000, 0x000000008a900000| Untracked 
| 170|0x000000008aa00000, 0x000000008aa00000, 0x000000008ab00000|  0%| F|  |TAMS 0x000000008aa00000, 0x000000008aa00000| Untracked 
| 171|0x000000008ab00000, 0x000000008ab00000, 0x000000008ac00000|  0%| F|  |TAMS 0x000000008ab00000, 0x000000008ab00000| Untracked 
| 172|0x000000008ac00000, 0x000000008ac00000, 0x000000008ad00000|  0%| F|  |TAMS 0x000000008ac00000, 0x000000008ac00000| Untracked 
| 173|0x000000008ad00000, 0x000000008ad00000, 0x000000008ae00000|  0%| F|  |TAMS 0x000000008ad00000, 0x000000008ad00000| Untracked 
| 174|0x000000008ae00000, 0x000000008ae00000, 0x000000008af00000|  0%| F|  |TAMS 0x000000008ae00000, 0x000000008ae00000| Untracked 
| 175|0x000000008af00000, 0x000000008af00000, 0x000000008b000000|  0%| F|  |TAMS 0x000000008af00000, 0x000000008af00000| Untracked 
| 176|0x000000008b000000, 0x000000008b000000, 0x000000008b100000|  0%| F|  |TAMS 0x000000008b000000, 0x000000008b000000| Untracked 
| 177|0x000000008b100000, 0x000000008b100000, 0x000000008b200000|  0%| F|  |TAMS 0x000000008b100000, 0x000000008b100000| Untracked 
| 178|0x000000008b200000, 0x000000008b200000, 0x000000008b300000|  0%| F|  |TAMS 0x000000008b200000, 0x000000008b200000| Untracked 
| 179|0x000000008b300000, 0x000000008b300000, 0x000000008b400000|  0%| F|  |TAMS 0x000000008b300000, 0x000000008b300000| Untracked 
| 180|0x000000008b400000, 0x000000008b400000, 0x000000008b500000|  0%| F|  |TAMS 0x000000008b400000, 0x000000008b400000| Untracked 
| 181|0x000000008b500000, 0x000000008b500000, 0x000000008b600000|  0%| F|  |TAMS 0x000000008b500000, 0x000000008b500000| Untracked 
| 182|0x000000008b600000, 0x000000008b600000, 0x000000008b700000|  0%| F|  |TAMS 0x000000008b600000, 0x000000008b600000| Untracked 
| 183|0x000000008b700000, 0x000000008b700000, 0x000000008b800000|  0%| F|  |TAMS 0x000000008b700000, 0x000000008b700000| Untracked 
| 184|0x000000008b800000, 0x000000008b800000, 0x000000008b900000|  0%| F|  |TAMS 0x000000008b800000, 0x000000008b800000| Untracked 
| 185|0x000000008b900000, 0x000000008b900000, 0x000000008ba00000|  0%| F|  |TAMS 0x000000008b900000, 0x000000008b900000| Untracked 
| 186|0x000000008ba00000, 0x000000008ba00000, 0x000000008bb00000|  0%| F|  |TAMS 0x000000008ba00000, 0x000000008ba00000| Untracked 
| 187|0x000000008bb00000, 0x000000008bb00000, 0x000000008bc00000|  0%| F|  |TAMS 0x000000008bb00000, 0x000000008bb00000| Untracked 
| 188|0x000000008bc00000, 0x000000008bc00000, 0x000000008bd00000|  0%| F|  |TAMS 0x000000008bc00000, 0x000000008bc00000| Untracked 
| 189|0x000000008bd00000, 0x000000008bd00000, 0x000000008be00000|  0%| F|  |TAMS 0x000000008bd00000, 0x000000008bd00000| Untracked 
| 190|0x000000008be00000, 0x000000008bf00000, 0x000000008bf00000|100%| S|CS|TAMS 0x000000008be00000, 0x000000008be00000| Complete 
| 191|0x000000008bf00000, 0x000000008c000000, 0x000000008c000000|100%| S|CS|TAMS 0x000000008bf00000, 0x000000008bf00000| Complete 
| 192|0x000000008c000000, 0x000000008c100000, 0x000000008c100000|100%| S|CS|TAMS 0x000000008c000000, 0x000000008c000000| Complete 
| 193|0x000000008c100000, 0x000000008c200000, 0x000000008c200000|100%| S|CS|TAMS 0x000000008c100000, 0x000000008c100000| Complete 
| 194|0x000000008c200000, 0x000000008c300000, 0x000000008c300000|100%| S|CS|TAMS 0x000000008c200000, 0x000000008c200000| Complete 
| 195|0x000000008c300000, 0x000000008c400000, 0x000000008c400000|100%| S|CS|TAMS 0x000000008c300000, 0x000000008c300000| Complete 
| 196|0x000000008c400000, 0x000000008c500000, 0x000000008c500000|100%| S|CS|TAMS 0x000000008c400000, 0x000000008c400000| Complete 
| 197|0x000000008c500000, 0x000000008c600000, 0x000000008c600000|100%| S|CS|TAMS 0x000000008c500000, 0x000000008c500000| Complete 
| 198|0x000000008c600000, 0x000000008c600000, 0x000000008c700000|  0%| F|  |TAMS 0x000000008c600000, 0x000000008c600000| Untracked 
| 199|0x000000008c700000, 0x000000008c700000, 0x000000008c800000|  0%| F|  |TAMS 0x000000008c700000, 0x000000008c700000| Untracked 
| 200|0x000000008c800000, 0x000000008c800000, 0x000000008c900000|  0%| F|  |TAMS 0x000000008c800000, 0x000000008c800000| Untracked 
| 201|0x000000008c900000, 0x000000008c900000, 0x000000008ca00000|  0%| F|  |TAMS 0x000000008c900000, 0x000000008c900000| Untracked 
| 202|0x000000008ca00000, 0x000000008ca00000, 0x000000008cb00000|  0%| F|  |TAMS 0x000000008ca00000, 0x000000008ca00000| Untracked 
| 203|0x000000008cb00000, 0x000000008cb00000, 0x000000008cc00000|  0%| F|  |TAMS 0x000000008cb00000, 0x000000008cb00000| Untracked 
| 204|0x000000008cc00000, 0x000000008cc00000, 0x000000008cd00000|  0%| F|  |TAMS 0x000000008cc00000, 0x000000008cc00000| Untracked 
| 205|0x000000008cd00000, 0x000000008cd00000, 0x000000008ce00000|  0%| F|  |TAMS 0x000000008cd00000, 0x000000008cd00000| Untracked 
| 206|0x000000008ce00000, 0x000000008ce472d0, 0x000000008cf00000| 27%| E|  |TAMS 0x000000008ce00000, 0x000000008ce00000| Complete 
| 207|0x000000008cf00000, 0x000000008d000000, 0x000000008d000000|100%| E|CS|TAMS 0x000000008cf00000, 0x000000008cf00000| Complete 
| 208|0x000000008d000000, 0x000000008d100000, 0x000000008d100000|100%| E|CS|TAMS 0x000000008d000000, 0x000000008d000000| Complete 
| 209|0x000000008d100000, 0x000000008d200000, 0x000000008d200000|100%| E|CS|TAMS 0x000000008d100000, 0x000000008d100000| Complete 
| 210|0x000000008d200000, 0x000000008d300000, 0x000000008d300000|100%| E|CS|TAMS 0x000000008d200000, 0x000000008d200000| Complete 
| 211|0x000000008d300000, 0x000000008d400000, 0x000000008d400000|100%| E|CS|TAMS 0x000000008d300000, 0x000000008d300000| Complete 
| 212|0x000000008d400000, 0x000000008d500000, 0x000000008d500000|100%| E|CS|TAMS 0x000000008d400000, 0x000000008d400000| Complete 
| 213|0x000000008d500000, 0x000000008d600000, 0x000000008d600000|100%| E|CS|TAMS 0x000000008d500000, 0x000000008d500000| Complete 
| 214|0x000000008d600000, 0x000000008d700000, 0x000000008d700000|100%| E|CS|TAMS 0x000000008d600000, 0x000000008d600000| Complete 
| 215|0x000000008d700000, 0x000000008d800000, 0x000000008d800000|100%| E|CS|TAMS 0x000000008d700000, 0x000000008d700000| Complete 
| 216|0x000000008d800000, 0x000000008d900000, 0x000000008d900000|100%| E|CS|TAMS 0x000000008d800000, 0x000000008d800000| Complete 
| 217|0x000000008d900000, 0x000000008da00000, 0x000000008da00000|100%| E|CS|TAMS 0x000000008d900000, 0x000000008d900000| Complete 
| 218|0x000000008da00000, 0x000000008db00000, 0x000000008db00000|100%| E|CS|TAMS 0x000000008da00000, 0x000000008da00000| Complete 
| 219|0x000000008db00000, 0x000000008dc00000, 0x000000008dc00000|100%| E|CS|TAMS 0x000000008db00000, 0x000000008db00000| Complete 
| 220|0x000000008dc00000, 0x000000008dd00000, 0x000000008dd00000|100%| E|CS|TAMS 0x000000008dc00000, 0x000000008dc00000| Complete 
| 221|0x000000008dd00000, 0x000000008de00000, 0x000000008de00000|100%| E|CS|TAMS 0x000000008dd00000, 0x000000008dd00000| Complete 
| 222|0x000000008de00000, 0x000000008df00000, 0x000000008df00000|100%| E|CS|TAMS 0x000000008de00000, 0x000000008de00000| Complete 
| 223|0x000000008df00000, 0x000000008e000000, 0x000000008e000000|100%| E|CS|TAMS 0x000000008df00000, 0x000000008df00000| Complete 
| 224|0x000000008e000000, 0x000000008e100000, 0x000000008e100000|100%| E|CS|TAMS 0x000000008e000000, 0x000000008e000000| Complete 
| 225|0x000000008e100000, 0x000000008e200000, 0x000000008e200000|100%| E|CS|TAMS 0x000000008e100000, 0x000000008e100000| Complete 
| 226|0x000000008e200000, 0x000000008e300000, 0x000000008e300000|100%| E|CS|TAMS 0x000000008e200000, 0x000000008e200000| Complete 
| 227|0x000000008e300000, 0x000000008e400000, 0x000000008e400000|100%| E|CS|TAMS 0x000000008e300000, 0x000000008e300000| Complete 
| 228|0x000000008e400000, 0x000000008e500000, 0x000000008e500000|100%| E|CS|TAMS 0x000000008e400000, 0x000000008e400000| Complete 
| 229|0x000000008e500000, 0x000000008e600000, 0x000000008e600000|100%| E|CS|TAMS 0x000000008e500000, 0x000000008e500000| Complete 
| 230|0x000000008e600000, 0x000000008e700000, 0x000000008e700000|100%| E|CS|TAMS 0x000000008e600000, 0x000000008e600000| Complete 
| 231|0x000000008e700000, 0x000000008e800000, 0x000000008e800000|100%| E|CS|TAMS 0x000000008e700000, 0x000000008e700000| Complete 
| 232|0x000000008e800000, 0x000000008e900000, 0x000000008e900000|100%| E|CS|TAMS 0x000000008e800000, 0x000000008e800000| Complete 
| 233|0x000000008e900000, 0x000000008ea00000, 0x000000008ea00000|100%| E|CS|TAMS 0x000000008e900000, 0x000000008e900000| Complete 
| 234|0x000000008ea00000, 0x000000008eb00000, 0x000000008eb00000|100%| E|CS|TAMS 0x000000008ea00000, 0x000000008ea00000| Complete 
| 235|0x000000008eb00000, 0x000000008ec00000, 0x000000008ec00000|100%| E|CS|TAMS 0x000000008eb00000, 0x000000008eb00000| Complete 
| 236|0x000000008ec00000, 0x000000008ed00000, 0x000000008ed00000|100%| E|CS|TAMS 0x000000008ec00000, 0x000000008ec00000| Complete 
| 237|0x000000008ed00000, 0x000000008ee00000, 0x000000008ee00000|100%| E|CS|TAMS 0x000000008ed00000, 0x000000008ed00000| Complete 
| 238|0x000000008ee00000, 0x000000008ef00000, 0x000000008ef00000|100%| E|CS|TAMS 0x000000008ee00000, 0x000000008ee00000| Complete 
| 239|0x000000008ef00000, 0x000000008f000000, 0x000000008f000000|100%| E|CS|TAMS 0x000000008ef00000, 0x000000008ef00000| Complete 
| 240|0x000000008f000000, 0x000000008f100000, 0x000000008f100000|100%| E|CS|TAMS 0x000000008f000000, 0x000000008f000000| Complete 
| 241|0x000000008f100000, 0x000000008f200000, 0x000000008f200000|100%| E|CS|TAMS 0x000000008f100000, 0x000000008f100000| Complete 
| 242|0x000000008f200000, 0x000000008f300000, 0x000000008f300000|100%| E|CS|TAMS 0x000000008f200000, 0x000000008f200000| Complete 
| 243|0x000000008f300000, 0x000000008f400000, 0x000000008f400000|100%| E|CS|TAMS 0x000000008f300000, 0x000000008f300000| Complete 
| 244|0x000000008f400000, 0x000000008f500000, 0x000000008f500000|100%| E|CS|TAMS 0x000000008f400000, 0x000000008f400000| Complete 
| 245|0x000000008f500000, 0x000000008f600000, 0x000000008f600000|100%| E|CS|TAMS 0x000000008f500000, 0x000000008f500000| Complete 
| 246|0x000000008f600000, 0x000000008f700000, 0x000000008f700000|100%| E|CS|TAMS 0x000000008f600000, 0x000000008f600000| Complete 
| 247|0x000000008f700000, 0x000000008f800000, 0x000000008f800000|100%| E|CS|TAMS 0x000000008f700000, 0x000000008f700000| Complete 
| 248|0x000000008f800000, 0x000000008f900000, 0x000000008f900000|100%| E|CS|TAMS 0x000000008f800000, 0x000000008f800000| Complete 
| 249|0x000000008f900000, 0x000000008fa00000, 0x000000008fa00000|100%| E|CS|TAMS 0x000000008f900000, 0x000000008f900000| Complete 
| 250|0x000000008fa00000, 0x000000008fb00000, 0x000000008fb00000|100%| E|CS|TAMS 0x000000008fa00000, 0x000000008fa00000| Complete 
| 251|0x000000008fb00000, 0x000000008fc00000, 0x000000008fc00000|100%| E|CS|TAMS 0x000000008fb00000, 0x000000008fb00000| Complete 
| 252|0x000000008fc00000, 0x000000008fd00000, 0x000000008fd00000|100%| E|CS|TAMS 0x000000008fc00000, 0x000000008fc00000| Complete 
| 253|0x000000008fd00000, 0x000000008fe00000, 0x000000008fe00000|100%| E|CS|TAMS 0x000000008fd00000, 0x000000008fd00000| Complete 
| 254|0x000000008fe00000, 0x000000008ff00000, 0x000000008ff00000|100%| E|CS|TAMS 0x000000008fe00000, 0x000000008fe00000| Complete 
| 255|0x000000008ff00000, 0x0000000090000000, 0x0000000090000000|100%| E|CS|TAMS 0x000000008ff00000, 0x000000008ff00000| Complete 
| 256|0x0000000090000000, 0x0000000090100000, 0x0000000090100000|100%| E|CS|TAMS 0x0000000090000000, 0x0000000090000000| Complete 
| 257|0x0000000090100000, 0x0000000090200000, 0x0000000090200000|100%| E|CS|TAMS 0x0000000090100000, 0x0000000090100000| Complete 
| 258|0x0000000090200000, 0x0000000090300000, 0x0000000090300000|100%| E|CS|TAMS 0x0000000090200000, 0x0000000090200000| Complete 
| 259|0x0000000090300000, 0x0000000090400000, 0x0000000090400000|100%| E|  |TAMS 0x0000000090300000, 0x0000000090300000| Complete 
| 260|0x0000000090400000, 0x0000000090500000, 0x0000000090500000|100%| E|CS|TAMS 0x0000000090400000, 0x0000000090400000| Complete 
| 261|0x0000000090500000, 0x0000000090600000, 0x0000000090600000|100%| E|CS|TAMS 0x0000000090500000, 0x0000000090500000| Complete 

Card table byte_map: [0x000001d962650000,0x000001d962a50000] _byte_map_base: 0x000001d962250000

Marking Bits (Prev, Next): (CMBitMap*) 0x000001d94d99cc78, (CMBitMap*) 0x000001d94d99ccb0
 Prev Bits: [0x000001d962e50000, 0x000001d964e50000)
 Next Bits: [0x000001d964e50000, 0x000001d966e50000)

Polling page: 0x000001d94d7e0000

Metaspace:

Usage:
  Non-class:     80.41 MB capacity,    79.18 MB ( 98%) used,  1008.85 KB (  1%) free+waste,   250.75 KB ( <1%) overhead. 
      Class:     12.17 MB capacity,    11.37 MB ( 93%) used,   707.05 KB (  6%) free+waste,   112.38 KB ( <1%) overhead. 
       Both:     92.57 MB capacity,    90.54 MB ( 98%) used,     1.68 MB (  2%) free+waste,   363.13 KB ( <1%) overhead. 

Virtual space:
  Non-class space:       82.00 MB reserved,      80.58 MB ( 98%) committed 
      Class space:        1.00 GB reserved,      12.25 MB (  1%) committed 
             Both:        1.08 GB reserved,      92.83 MB (  8%) committed 

Chunk freelists:
   Non-Class:  53.00 KB
       Class:  20.00 KB
        Both:  73.00 KB

MaxMetaspaceSize: 17179869184.00 GB
CompressedClassSpaceSize: 1.00 GB

CodeHeap 'non-profiled nmethods': size=120064Kb used=7976Kb max_used=7976Kb free=112087Kb
 bounds [0x000001d95a6f0000, 0x000001d95aec0000, 0x000001d961c30000]
CodeHeap 'profiled nmethods': size=120000Kb used=27762Kb max_used=27762Kb free=92238Kb
 bounds [0x000001d9531c0000, 0x000001d954ce0000, 0x000001d95a6f0000]
CodeHeap 'non-nmethods': size=5696Kb used=2290Kb max_used=2340Kb free=3405Kb
 bounds [0x000001d952c30000, 0x000001d952ea0000, 0x000001d9531c0000]
 total_blobs=13315 nmethods=12421 adapters=805
 compilation: disabled (not enough contiguous free space left)
              stopped_count=1, restarted_count=0
 full_count=1

Compilation events (20 events):
Event: 46.339 Thread 0x000001d969cfe800 nmethod 12497 0x000001d954cc5d10 code [0x000001d954cc5f00, 0x000001d954cc62a8]
Event: 46.339 Thread 0x000001d969cfe800 12498       3       com.android.aapt.Resources$Visibility$Builder::buildPartial (77 bytes)
Event: 46.340 Thread 0x000001d969cfe800 nmethod 12498 0x000001d954cc6490 code [0x000001d954cc66e0, 0x000001d954cc7168]
Event: 46.340 Thread 0x000001d969cfe800 12514       3       com.android.aaptcompiler.android.ResTableConfig::getBcp47Locale (413 bytes)
Event: 46.343 Thread 0x000001d969cfe800 nmethod 12514 0x000001d954cc7490 code [0x000001d954cc7a40, 0x000001d954cca288]
Event: 46.343 Thread 0x000001d969cfe800 12523       3       com.android.aapt.Resources$Value$Builder::setSource (42 bytes)
Event: 46.344 Thread 0x000001d969cfe800 nmethod 12523 0x000001d954ccb190 code [0x000001d954ccb380, 0x000001d954ccb808]
Event: 46.344 Thread 0x000001d969cfe800 12502       3       com.android.aaptcompiler.proto.ProtoSerializeKt::serializeValueToPb (327 bytes)
Event: 46.349 Thread 0x000001d969cfe800 nmethod 12502 0x000001d954ccb990 code [0x000001d954ccc080, 0x000001d954cd0078]
Event: 46.349 Thread 0x000001d969cfe800 12500       3       com.android.aapt.Resources$ConfigValue$Builder::buildPartial (84 bytes)
Event: 46.350 Thread 0x000001d969cfe800 nmethod 12500 0x000001d954cd1210 code [0x000001d954cd1460, 0x000001d954cd2038]
Event: 46.350 Thread 0x000001d969cfe800 12501       3       com.android.aapt.Resources$Value$Builder::buildPartial (155 bytes)
Event: 46.351 Thread 0x000001d969cfe800 nmethod 12501 0x000001d954cd2390 code [0x000001d954cd2620, 0x000001d954cd3528]
Event: 46.351 Thread 0x000001d969cfe800 12486       3       com.android.aapt.Resources$Entry$Builder::build (19 bytes)
Event: 46.352 Thread 0x000001d969cfe800 nmethod 12486 0x000001d954cd3910 code [0x000001d954cd3b00, 0x000001d954cd3ea8]
Event: 46.352 Thread 0x000001d969cfe800 12487       3       com.android.aapt.Resources$ConfigValue$Builder::setValue (42 bytes)
Event: 46.352 Thread 0x000001d969cfe800 nmethod 12487 0x000001d954cd4090 code [0x000001d954cd4280, 0x000001d954cd4708]
Event: 46.352 Thread 0x000001d969cfe800 12488       3       com.android.aapt.Resources$Type$Builder::addEntry (52 bytes)
Event: 46.353 Thread 0x000001d969cfe800 nmethod 12488 0x000001d954cd4890 code [0x000001d954cd4ac0, 0x000001d954cd5148]
Event: 46.353 Thread 0x000001d969cfe800 12496       3       com.android.aapt.Resources$Entry$Builder::buildPartial (262 bytes)

GC Heap History (20 events):
Event: 18.152 GC heap before
{Heap before GC invocations=15 (full 0):
 garbage-first heap   total 189440K, used 121253K [0x0000000080000000, 0x0000000100000000)
  region size 1024K, 70 young (71680K), 3 survivors (3072K)
 Metaspace       used 65246K, capacity 66746K, committed 66900K, reserved 1107968K
  class space    used 8255K, capacity 8841K, committed 8960K, reserved 1048576K
}
Event: 18.162 GC heap after
{Heap after GC invocations=16 (full 0):
 garbage-first heap   total 189440K, used 56508K [0x0000000080000000, 0x0000000100000000)
  region size 1024K, 7 young (7168K), 7 survivors (7168K)
 Metaspace       used 65246K, capacity 66746K, committed 66900K, reserved 1107968K
  class space    used 8255K, capacity 8841K, committed 8960K, reserved 1048576K
}
Event: 19.330 GC heap before
{Heap before GC invocations=16 (full 0):
 garbage-first heap   total 189440K, used 127164K [0x0000000080000000, 0x0000000100000000)
  region size 1024K, 76 young (77824K), 7 survivors (7168K)
 Metaspace       used 68687K, capacity 70263K, committed 70356K, reserved 1110016K
  class space    used 8689K, capacity 9305K, committed 9344K, reserved 1048576K
}
Event: 19.345 GC heap after
{Heap after GC invocations=17 (full 0):
 garbage-first heap   total 189440K, used 61739K [0x0000000080000000, 0x0000000100000000)
  region size 1024K, 10 young (10240K), 10 survivors (10240K)
 Metaspace       used 68687K, capacity 70263K, committed 70356K, reserved 1110016K
  class space    used 8689K, capacity 9305K, committed 9344K, reserved 1048576K
}
Event: 21.568 GC heap before
{Heap before GC invocations=17 (full 0):
 garbage-first heap   total 189440K, used 132395K [0x0000000080000000, 0x0000000100000000)
  region size 1024K, 79 young (80896K), 10 survivors (10240K)
 Metaspace       used 75873K, capacity 77519K, committed 77652K, reserved 1116160K
  class space    used 9828K, capacity 10494K, committed 10496K, reserved 1048576K
}
Event: 21.602 GC heap after
{Heap after GC invocations=18 (full 0):
 garbage-first heap   total 189440K, used 66806K [0x0000000080000000, 0x0000000100000000)
  region size 1024K, 10 young (10240K), 10 survivors (10240K)
 Metaspace       used 75873K, capacity 77519K, committed 77652K, reserved 1116160K
  class space    used 9828K, capacity 10494K, committed 10496K, reserved 1048576K
}
Event: 25.040 GC heap before
{Heap before GC invocations=18 (full 0):
 garbage-first heap   total 189440K, used 137462K [0x0000000080000000, 0x0000000100000000)
  region size 1024K, 79 young (80896K), 10 survivors (10240K)
 Metaspace       used 82790K, capacity 84673K, committed 84948K, reserved 1122304K
  class space    used 10793K, capacity 11540K, committed 11648K, reserved 1048576K
}
Event: 25.068 GC heap after
{Heap after GC invocations=19 (full 0):
 garbage-first heap   total 189440K, used 70941K [0x0000000080000000, 0x0000000100000000)
  region size 1024K, 9 young (9216K), 9 survivors (9216K)
 Metaspace       used 82790K, capacity 84673K, committed 84948K, reserved 1122304K
  class space    used 10793K, capacity 11540K, committed 11648K, reserved 1048576K
}
Event: 30.964 GC heap before
{Heap before GC invocations=19 (full 0):
 garbage-first heap   total 189440K, used 140573K [0x0000000080000000, 0x0000000100000000)
  region size 1024K, 78 young (79872K), 9 survivors (9216K)
 Metaspace       used 85477K, capacity 87454K, committed 87764K, reserved 1126400K
  class space    used 11066K, capacity 11843K, committed 11904K, reserved 1048576K
}
Event: 30.991 GC heap after
{Heap after GC invocations=20 (full 0):
 garbage-first heap   total 189440K, used 75456K [0x0000000080000000, 0x0000000100000000)
  region size 1024K, 9 young (9216K), 9 survivors (9216K)
 Metaspace       used 85477K, capacity 87454K, committed 87764K, reserved 1126400K
  class space    used 11066K, capacity 11843K, committed 11904K, reserved 1048576K
}
Event: 36.472 GC heap before
{Heap before GC invocations=20 (full 0):
 garbage-first heap   total 189440K, used 148160K [0x0000000080000000, 0x0000000100000000)
  region size 1024K, 78 young (79872K), 9 survivors (9216K)
 Metaspace       used 86941K, capacity 88956K, committed 89172K, reserved 1126400K
  class space    used 11197K, capacity 11967K, committed 12032K, reserved 1048576K
}
Event: 36.528 GC heap after
{Heap after GC invocations=21 (full 0):
 garbage-first heap   total 189440K, used 91561K [0x0000000080000000, 0x0000000100000000)
  region size 1024K, 10 young (10240K), 10 survivors (10240K)
 Metaspace       used 86941K, capacity 88956K, committed 89172K, reserved 1126400K
  class space    used 11197K, capacity 11967K, committed 12032K, reserved 1048576K
}
Event: 38.567 GC heap before
{Heap before GC invocations=21 (full 0):
 garbage-first heap   total 189440K, used 134569K [0x0000000080000000, 0x0000000100000000)
  region size 1024K, 51 young (52224K), 10 survivors (10240K)
 Metaspace       used 87441K, capacity 89441K, committed 89684K, reserved 1126400K
  class space    used 11230K, capacity 12001K, committed 12032K, reserved 1048576K
}
Event: 38.927 GC heap after
{Heap after GC invocations=22 (full 0):
 garbage-first heap   total 189440K, used 102873K [0x0000000080000000, 0x0000000100000000)
  region size 1024K, 8 young (8192K), 8 survivors (8192K)
 Metaspace       used 87441K, capacity 89441K, committed 89684K, reserved 1126400K
  class space    used 11230K, capacity 12001K, committed 12032K, reserved 1048576K
}
Event: 42.333 GC heap before
{Heap before GC invocations=23 (full 0):
 garbage-first heap   total 189440K, used 151001K [0x0000000080000000, 0x0000000100000000)
  region size 1024K, 50 young (51200K), 8 survivors (8192K)
 Metaspace       used 87566K, capacity 89538K, committed 89684K, reserved 1126400K
  class space    used 11238K, capacity 11990K, committed 12032K, reserved 1048576K
}
Event: 42.555 GC heap after
{Heap after GC invocations=24 (full 0):
 garbage-first heap   total 268288K, used 104157K [0x0000000080000000, 0x0000000100000000)
  region size 1024K, 4 young (4096K), 4 survivors (4096K)
 Metaspace       used 87566K, capacity 89538K, committed 89684K, reserved 1126400K
  class space    used 11238K, capacity 11990K, committed 12032K, reserved 1048576K
}
Event: 43.168 GC heap before
{Heap before GC invocations=24 (full 0):
 garbage-first heap   total 268288K, used 148189K [0x0000000080000000, 0x0000000100000000)
  region size 1024K, 47 young (48128K), 4 survivors (4096K)
 Metaspace       used 87574K, capacity 89538K, committed 89684K, reserved 1126400K
  class space    used 11238K, capacity 11990K, committed 12032K, reserved 1048576K
}
Event: 43.177 GC heap after
{Heap after GC invocations=25 (full 0):
 garbage-first heap   total 268288K, used 103393K [0x0000000080000000, 0x0000000100000000)
  region size 1024K, 3 young (3072K), 3 survivors (3072K)
 Metaspace       used 87574K, capacity 89538K, committed 89684K, reserved 1126400K
  class space    used 11238K, capacity 11990K, committed 12032K, reserved 1048576K
}
Event: 45.165 GC heap before
{Heap before GC invocations=25 (full 0):
 garbage-first heap   total 268288K, used 180193K [0x0000000080000000, 0x0000000100000000)
  region size 1024K, 64 young (65536K), 3 survivors (3072K)
 Metaspace       used 90632K, capacity 92680K, committed 92756K, reserved 1130496K
  class space    used 11473K, capacity 12267K, committed 12288K, reserved 1048576K
}
Event: 45.186 GC heap after
{Heap after GC invocations=26 (full 0):
 garbage-first heap   total 268288K, used 111245K [0x0000000080000000, 0x0000000100000000)
  region size 1024K, 8 young (8192K), 8 survivors (8192K)
 Metaspace       used 90632K, capacity 92680K, committed 92756K, reserved 1130496K
  class space    used 11473K, capacity 12267K, committed 12288K, reserved 1048576K
}

Deoptimization events (20 events):
Event: 46.268 Thread 0x000001d96d9fc000 Uncommon trap: trap_request=0xffffff4d fr.pc=0x000001d95aeb5dd0 relative=0x0000000000000110
Event: 46.268 Thread 0x000001d96d9fc000 Uncommon trap: reason=unstable_if action=reinterpret pc=0x000001d95aeb5dd0 method=java.lang.Character.isHighSurrogate(C)Z @ 3 c2
Event: 46.268 Thread 0x000001d96d9fc000 DEOPT PACKING pc=0x000001d95aeb5dd0 sp=0x00000087de4fcf80
Event: 46.268 Thread 0x000001d96d9fc000 DEOPT UNPACKING pc=0x000001d952c5662f sp=0x00000087de4fce30 mode 2
Event: 46.269 Thread 0x000001d96d9fc000 Uncommon trap: trap_request=0xffffff4d fr.pc=0x000001d95aeb504c relative=0x00000000000000ac
Event: 46.269 Thread 0x000001d96d9fc000 Uncommon trap: reason=unstable_if action=reinterpret pc=0x000001d95aeb504c method=java.lang.Character.isHighSurrogate(C)Z @ 3 c2
Event: 46.269 Thread 0x000001d96d9fc000 DEOPT PACKING pc=0x000001d95aeb504c sp=0x00000087de4fcee0
Event: 46.269 Thread 0x000001d96d9fc000 DEOPT UNPACKING pc=0x000001d952c5662f sp=0x00000087de4fce20 mode 2
Event: 46.269 Thread 0x000001d96d9fc000 Uncommon trap: trap_request=0xffffff4d fr.pc=0x000001d95aeaf42c relative=0x000000000000008c
Event: 46.269 Thread 0x000001d96d9fc000 Uncommon trap: reason=unstable_if action=reinterpret pc=0x000001d95aeaf42c method=java.lang.Character.isHighSurrogate(C)Z @ 3 c2
Event: 46.269 Thread 0x000001d96d9fc000 DEOPT PACKING pc=0x000001d95aeaf42c sp=0x00000087de4fd3d0
Event: 46.269 Thread 0x000001d96d9fc000 DEOPT UNPACKING pc=0x000001d952c5662f sp=0x00000087de4fd208 mode 2
Event: 46.289 Thread 0x000001d96da03800 DEOPT PACKING pc=0x000001d954c7cfc8 sp=0x00000087e49fca40
Event: 46.289 Thread 0x000001d96da03800 DEOPT UNPACKING pc=0x000001d952c56dde sp=0x00000087e49fbf28 mode 0
Event: 46.304 Thread 0x000001d96da02800 DEOPT PACKING pc=0x000001d954c7cfc8 sp=0x00000087e3dfd750
Event: 46.304 Thread 0x000001d96da02800 DEOPT UNPACKING pc=0x000001d952c56dde sp=0x00000087e3dfcc38 mode 0
Event: 46.311 Thread 0x000001d96da02800 DEOPT PACKING pc=0x000001d954c7cfc8 sp=0x00000087e3dfd750
Event: 46.311 Thread 0x000001d96da02800 DEOPT UNPACKING pc=0x000001d952c56dde sp=0x00000087e3dfcc38 mode 0
Event: 46.335 Thread 0x000001d96d9ff800 DEOPT PACKING pc=0x000001d954c7cfc8 sp=0x00000087e4afd3b0
Event: 46.335 Thread 0x000001d96d9ff800 DEOPT UNPACKING pc=0x000001d952c56dde sp=0x00000087e4afc898 mode 0

Classes redefined (0 events):
No events

Internal exceptions (20 events):
Event: 24.820 Thread 0x000001d96da01000 Exception <a 'java/lang/NoSuchMethodError'{0x0000000087664390}: <clinit>> (0x0000000087664390) thrown at [./src/hotspot/share/prims/jni.cpp, line 1362]
Event: 24.825 Thread 0x000001d96da01000 Exception <a 'java/lang/NoSuchMethodError'{0x00000000876da5f0}: <clinit>> (0x00000000876da5f0) thrown at [./src/hotspot/share/prims/jni.cpp, line 1362]
Event: 24.827 Thread 0x000001d96da01000 Exception <a 'java/lang/NoSuchMethodError'{0x00000000876e4d50}: 'void java.lang.invoke.DirectMethodHandle$Holder.invokeSpecial(java.lang.Object, java.lang.Object, java.lang.Object, int)'> (0x00000000876e4d50) thrown at [./src/hotspot/share/interpreter/linkResolver.cpp, line 773]
Event: 24.845 Thread 0x000001d96ad53000 Exception <a 'java/lang/IncompatibleClassChangeError'{0x0000000087552c10}: Found class java.lang.Object, but interface was expected> (0x0000000087552c10) thrown at [./src/hotspot/share/interpreter/linkResolver.cpp, line 839]
Event: 25.024 Thread 0x000001d96d9fd800 Exception <a 'java/lang/NoSuchMethodError'{0x0000000087bbf4e8}: 'java.lang.Object java.lang.invoke.DirectMethodHandle$Holder.invokeInterface(java.lang.Object, java.lang.Object, int)'> (0x0000000087bbf4e8) thrown at [./src/hotspot/share/interpreter/linkResolver.cpp, line 773]
Event: 25.027 Thread 0x000001d96d9fd800 Exception <a 'java/lang/NoSuchMethodError'{0x0000000087bd1da8}: 'void java.lang.invoke.DirectMethodHandle$Holder.invokeStatic(java.lang.Object, java.lang.Object, java.lang.Object, int)'> (0x0000000087bd1da8) thrown at [./src/hotspot/share/interpreter/linkResolver.cpp, line 773]
Event: 25.090 Thread 0x000001d96c076800 Exception <a 'java/lang/NoSuchMethodError'{0x000000008b7271a0}: <clinit>> (0x000000008b7271a0) thrown at [./src/hotspot/share/prims/jni.cpp, line 1362]
Event: 25.123 Thread 0x000001d96d9fd800 Exception <a 'java/lang/IncompatibleClassChangeError'{0x000000008b790e20}: Found class java.lang.Object, but interface was expected> (0x000000008b790e20) thrown at [./src/hotspot/share/interpreter/linkResolver.cpp, line 839]
Event: 25.165 Thread 0x000001d96d9fd800 Exception <a 'java/lang/IncompatibleClassChangeError'{0x000000008b7da338}: Found class java.lang.Object, but interface was expected> (0x000000008b7da338) thrown at [./src/hotspot/share/interpreter/linkResolver.cpp, line 839]
Event: 25.297 Thread 0x000001d96d9fd800 Exception <a 'java/lang/NoSuchMethodError'{0x000000008b5ec8a8}: 'void java.lang.invoke.DirectMethodHandle$Holder.invokeVirtual(java.lang.Object, java.lang.Object)'> (0x000000008b5ec8a8) thrown at [./src/hotspot/share/interpreter/linkResolver.cpp, line 773]
Event: 25.744 Thread 0x000001d96d9fd800 Exception <a 'java/lang/NoSuchMethodError'{0x000000008b15d3f0}: 'void java.lang.invoke.DirectMethodHandle$Holder.invokeStatic(java.lang.Object, java.lang.Object, java.lang.Object, java.lang.Object, java.lang.Object, java.lang.Object, java.lang.Object)'> (0x000000008b15d3f0) thrown at [./src/hotspot/share/interpreter/linkResolver.cpp, line 773]
Event: 25.769 Thread 0x000001d96c076800 Exception <a 'java/lang/NoSuchMethodError'{0x000000008b07d4a8}: <clinit>> (0x000000008b07d4a8) thrown at [./src/hotspot/share/prims/jni.cpp, line 1362]
Event: 27.975 Thread 0x000001d96d9fd800 Exception <a 'java/lang/NoSuchMethodError'{0x000000008a99c4c8}: 'void java.lang.invoke.DirectMethodHandle$Holder.invokeStatic(java.lang.Object, java.lang.Object, java.lang.Object, java.lang.Object, int, java.lang.Object, java.lang.Object)'> (0x000000008a99c4c8) thrown at [./src/hotspot/share/interpreter/linkResolver.cpp, line 773]
Event: 28.083 Thread 0x000001d96f90b800 Exception <a 'java/lang/NoSuchMethodError'{0x000000008a5cbd88}: 'java.lang.Object java.lang.invoke.DirectMethodHandle$Holder.invokeSpecialIFC(java.lang.Object, java.lang.Object, java.lang.Object)'> (0x000000008a5cbd88) thrown at [./src/hotspot/share/interpreter/linkResolver.cpp, line 773]
Event: 28.083 Thread 0x000001d96d9fd800 Exception <a 'java/lang/NoSuchMethodError'{0x000000008a6909e8}: 'java.lang.Object java.lang.invoke.DirectMethodHandle$Holder.invokeSpecialIFC(java.lang.Object, java.lang.Object, java.lang.Object)'> (0x000000008a6909e8) thrown at [./src/hotspot/share/interpreter/linkResolver.cpp, line 773]
Event: 28.157 Thread 0x000001d96f90b800 Exception <a 'java/lang/NoSuchMethodError'{0x000000008a244f98}: 'int java.lang.invoke.DirectMethodHandle$Holder.invokeStaticInit(java.lang.Object, java.lang.Object, java.lang.Object, java.lang.Object, java.lang.Object)'> (0x000000008a244f98) thrown at [./src/hotspot/share/interpreter/linkResolver.cpp, line 773]
Event: 31.003 Thread 0x000001d96d9fd800 Exception <a 'java/lang/NoSuchMethodError'{0x000000008b879ee8}: <clinit>> (0x000000008b879ee8) thrown at [./src/hotspot/share/prims/jni.cpp, line 1362]
Event: 38.202 Thread 0x000001d96d9fd000 Implicit null exception at 0x000001d95ad7b5a9 to 0x000001d95ad7c35c
Event: 43.374 Thread 0x000001d96d9fd000 Implicit null exception at 0x000001d95adf034b to 0x000001d95adf56c4
Event: 43.474 Thread 0x000001d96d9fd000 Exception <a 'java/lang/NoSuchMethodError'{0x000000008f9c3d90}: <clinit>> (0x000000008f9c3d90) thrown at [./src/hotspot/share/prims/jni.cpp, line 1362]

Events (20 events):
Event: 45.485 loading class com/android/aapt/Resources$Id$Builder
Event: 45.485 loading class com/android/aapt/Resources$Id$Builder done
Event: 45.522 loading class com/android/aapt/Resources$Primitive$EmptyType$1
Event: 45.522 loading class com/android/aapt/Resources$Primitive$EmptyType$1 done
Event: 45.522 loading class com/android/aapt/Resources$Primitive$EmptyType$Builder
Event: 45.522 loading class com/android/aapt/Resources$Primitive$EmptyType$Builder done
Event: 45.558 loading class com/android/aapt/Resources$Styleable$1
Event: 45.558 loading class com/android/aapt/Resources$Styleable$1 done
Event: 45.559 loading class com/android/aapt/Resources$Styleable$Builder
Event: 45.559 loading class com/android/aapt/Resources$Styleable$Builder done
Event: 45.560 loading class com/android/aapt/Resources$Styleable$Entry
Event: 45.560 loading class com/android/aapt/Resources$Styleable$Entry done
Event: 45.561 loading class com/android/aapt/Resources$Styleable$EntryOrBuilder
Event: 45.561 loading class com/android/aapt/Resources$Styleable$EntryOrBuilder done
Event: 45.563 loading class com/android/aapt/Resources$Styleable$Entry$1
Event: 45.563 loading class com/android/aapt/Resources$Styleable$Entry$1 done
Event: 45.568 loading class com/android/aapt/Resources$Styleable$Entry$Builder
Event: 45.568 loading class com/android/aapt/Resources$Styleable$Entry$Builder done
Event: 45.938 Executing VM operation: ICBufferFull
Event: 45.938 Executing VM operation: ICBufferFull done


Dynamic libraries:
0x00007ff6c16b0000 - 0x00007ff6c16ba000 	C:\Program Files\Android\Android Studio\jre\bin\java.exe
0x00007ffd0be30000 - 0x00007ffd0c025000 	C:\Windows\SYSTEM32\ntdll.dll
0x00007ffd0a2c0000 - 0x00007ffd0a37d000 	C:\Windows\System32\KERNEL32.DLL
0x00007ffd09610000 - 0x00007ffd098d8000 	C:\Windows\System32\KERNELBASE.dll
0x00007ffd09940000 - 0x00007ffd09a40000 	C:\Windows\System32\ucrtbase.dll
0x00007ffcea070000 - 0x00007ffcea087000 	C:\Program Files\Android\Android Studio\jre\bin\VCRUNTIME140.dll
0x00007ffcea050000 - 0x00007ffcea069000 	C:\Program Files\Android\Android Studio\jre\bin\jli.dll
0x00007ffd0af80000 - 0x00007ffd0b120000 	C:\Windows\System32\USER32.dll
0x00007ffd09e60000 - 0x00007ffd09e82000 	C:\Windows\System32\win32u.dll
0x00007ffd0b200000 - 0x00007ffd0b22a000 	C:\Windows\System32\GDI32.dll
0x00007ffd09a90000 - 0x00007ffd09b9b000 	C:\Windows\System32\gdi32full.dll
0x00007ffcf7190000 - 0x00007ffcf742a000 	C:\Windows\WinSxS\amd64_microsoft.windows.common-controls_6595b64144ccf1df_6.0.19041.844_none_ca00b6081b84eb1d\COMCTL32.dll
0x00007ffd09570000 - 0x00007ffd0960d000 	C:\Windows\System32\msvcp_win.dll
0x00007ffd0ba30000 - 0x00007ffd0bace000 	C:\Windows\System32\msvcrt.dll
0x00007ffd0bad0000 - 0x00007ffd0bb00000 	C:\Windows\System32\IMM32.DLL
0x00007ffce9fb0000 - 0x00007ffcea04d000 	C:\Program Files\Android\Android Studio\jre\bin\msvcp140.dll
0x00007ffca40d0000 - 0x00007ffca4ba5000 	C:\Program Files\Android\Android Studio\jre\bin\server\jvm.dll
0x00007ffd0a210000 - 0x00007ffd0a2bc000 	C:\Windows\System32\ADVAPI32.dll
0x00007ffd0a4b0000 - 0x00007ffd0a54b000 	C:\Windows\System32\sechost.dll
0x00007ffd0bcb0000 - 0x00007ffd0bddb000 	C:\Windows\System32\RPCRT4.dll
0x00007ffd0bde0000 - 0x00007ffd0bde8000 	C:\Windows\System32\PSAPI.DLL
0x00007ffd01310000 - 0x00007ffd01337000 	C:\Windows\SYSTEM32\WINMM.dll
0x00007ffd04240000 - 0x00007ffd04249000 	C:\Windows\SYSTEM32\WSOCK32.dll
0x00007ffd0b130000 - 0x00007ffd0b19b000 	C:\Windows\System32\WS2_32.dll
0x00007ffd02340000 - 0x00007ffd0234a000 	C:\Windows\SYSTEM32\VERSION.dll
0x00007ffd07e70000 - 0x00007ffd07e82000 	C:\Windows\SYSTEM32\kernel.appcore.dll
0x00007ffcf8eb0000 - 0x00007ffcf8ec1000 	C:\Program Files\Android\Android Studio\jre\bin\verify.dll
0x00007ffd07390000 - 0x00007ffd07574000 	C:\Windows\SYSTEM32\DBGHELP.DLL
0x00007ffd00940000 - 0x00007ffd0096c000 	C:\Windows\SYSTEM32\dbgcore.DLL
0x00007ffd09ba0000 - 0x00007ffd09c20000 	C:\Windows\System32\bcryptPrimitives.dll
0x00007ffce9db0000 - 0x00007ffce9dd9000 	C:\Program Files\Android\Android Studio\jre\bin\java.dll
0x00007ffcf8e50000 - 0x00007ffcf8e5b000 	C:\Program Files\Android\Android Studio\jre\bin\jimage.dll
0x00007ffcf85e0000 - 0x00007ffcf85f8000 	C:\Program Files\Android\Android Studio\jre\bin\zip.dll
0x00007ffd0a630000 - 0x00007ffd0ad72000 	C:\Windows\System32\SHELL32.dll
0x00007ffd07690000 - 0x00007ffd07e21000 	C:\Windows\SYSTEM32\windows.storage.dll
0x00007ffd09e90000 - 0x00007ffd0a1e5000 	C:\Windows\System32\combase.dll
0x00007ffd08f70000 - 0x00007ffd08f9c000 	C:\Windows\SYSTEM32\Wldp.dll
0x00007ffd0b2e0000 - 0x00007ffd0b38e000 	C:\Windows\System32\SHCORE.dll
0x00007ffd0b9d0000 - 0x00007ffd0ba25000 	C:\Windows\System32\shlwapi.dll
0x00007ffd094b0000 - 0x00007ffd094cf000 	C:\Windows\SYSTEM32\profapi.dll
0x00007ffce66c0000 - 0x00007ffce66da000 	C:\Program Files\Android\Android Studio\jre\bin\net.dll
0x00007ffcf9240000 - 0x00007ffcf934b000 	C:\Windows\SYSTEM32\WINHTTP.dll
0x00007ffd08c80000 - 0x00007ffd08cea000 	C:\Windows\system32\mswsock.dll
0x00007ffce4640000 - 0x00007ffce4654000 	C:\Program Files\Android\Android Studio\jre\bin\nio.dll
0x00007ffcf8ed0000 - 0x00007ffcf8ef7000 	C:\Users\User\.gradle\native\e1d6ef7f7dcc3fd88c89a11ec53ec762bb8ba0a96d01ffa2cd45eb1d1d8dd5c5\windows-amd64\native-platform.dll
0x00007ffccca00000 - 0x00007ffcccb44000 	C:\Users\User\.gradle\native\5664cfc778a61ccfe75a443a1ab52a65af34e5dc3c78e0209fed803814484fcb\windows-amd64\native-platform-file-events.dll
0x00007ffcf8e40000 - 0x00007ffcf8e4a000 	C:\Program Files\Android\Android Studio\jre\bin\management.dll
0x00007ffceae80000 - 0x00007ffceae8d000 	C:\Program Files\Android\Android Studio\jre\bin\management_ext.dll
0x00007ffd08eb0000 - 0x00007ffd08ec8000 	C:\Windows\SYSTEM32\CRYPTSP.dll
0x00007ffd08620000 - 0x00007ffd08654000 	C:\Windows\system32\rsaenh.dll
0x00007ffd09c20000 - 0x00007ffd09c47000 	C:\Windows\System32\bcrypt.dll
0x00007ffd09470000 - 0x00007ffd0949e000 	C:\Windows\SYSTEM32\USERENV.dll
0x00007ffd08ed0000 - 0x00007ffd08edc000 	C:\Windows\SYSTEM32\CRYPTBASE.dll
0x00007ffd08970000 - 0x00007ffd089ab000 	C:\Windows\SYSTEM32\IPHLPAPI.DLL
0x00007ffd0b120000 - 0x00007ffd0b128000 	C:\Windows\System32\NSI.dll
0x00007ffd00c90000 - 0x00007ffd00ca7000 	C:\Windows\SYSTEM32\dhcpcsvc6.DLL
0x00007ffd01930000 - 0x00007ffd0194d000 	C:\Windows\SYSTEM32\dhcpcsvc.DLL
0x00007ffd089b0000 - 0x00007ffd08a7c000 	C:\Windows\SYSTEM32\DNSAPI.dll

dbghelp: loaded successfully - version: 4.0.5 - missing functions: none
symbol engine: initialized successfully - sym options: 0x614 - pdb path: .;C:\Program Files\Android\Android Studio\jre\bin;C:\Windows\SYSTEM32;C:\Windows\WinSxS\amd64_microsoft.windows.common-controls_6595b64144ccf1df_6.0.19041.844_none_ca00b6081b84eb1d;C:\Program Files\Android\Android Studio\jre\bin\server;C:\Users\User\.gradle\native\e1d6ef7f7dcc3fd88c89a11ec53ec762bb8ba0a96d01ffa2cd45eb1d1d8dd5c5\windows-amd64;C:\Users\User\.gradle\native\5664cfc778a61ccfe75a443a1ab52a65af34e5dc3c78e0209fed803814484fcb\windows-amd64

VM Arguments:
jvm_args: --add-opens=java.base/java.util=ALL-UNNAMED --add-opens=java.base/java.lang=ALL-UNNAMED --add-opens=java.base/java.lang.invoke=ALL-UNNAMED --add-opens=java.base/java.util=ALL-UNNAMED --add-opens=java.prefs/java.util.prefs=ALL-UNNAMED --add-opens=java.prefs/java.util.prefs=ALL-UNNAMED --add-opens=java.base/java.nio.charset=ALL-UNNAMED --add-opens=java.base/java.net=ALL-UNNAMED --add-opens=java.base/java.util.concurrent.atomic=ALL-UNNAMED -Xmx2048m -Dfile.encoding=UTF-8 -Duser.country=BR -Duser.language=pt -Duser.variant 
java_command: org.gradle.launcher.daemon.bootstrap.GradleDaemon 7.2
java_class_path (initial): C:\Users\User\.gradle\wrapper\dists\gradle-7.2-bin\2dnblmf4td7x66yl1d74lt32g\gradle-7.2\lib\gradle-launcher-7.2.jar
Launcher Type: SUN_STANDARD

[Global flags]
     intx CICompilerCount                          = 3                                         {product} {ergonomic}
     uint ConcGCThreads                            = 1                                         {product} {ergonomic}
     uint G1ConcRefinementThreads                  = 4                                         {product} {ergonomic}
   size_t G1HeapRegionSize                         = 1048576                                   {product} {ergonomic}
    uintx GCDrainStackTargetSize                   = 64                                        {product} {ergonomic}
   size_t InitialHeapSize                          = 134217728                                 {product} {ergonomic}
   size_t MarkStackSize                            = 4194304                                   {product} {ergonomic}
   size_t MaxHeapSize                              = 2147483648                                {product} {command line}
   size_t MaxNewSize                               = 1287651328                                {product} {ergonomic}
   size_t MinHeapDeltaBytes                        = 1048576                                   {product} {ergonomic}
    uintx NonNMethodCodeHeapSize                   = 5830732                                {pd product} {ergonomic}
    uintx NonProfiledCodeHeapSize                  = 122913754                              {pd product} {ergonomic}
    uintx ProfiledCodeHeapSize                     = 122913754                              {pd product} {ergonomic}
    uintx ReservedCodeCacheSize                    = 251658240                              {pd product} {ergonomic}
     bool SegmentedCodeCache                       = true                                      {product} {ergonomic}
     bool UseCompressedClassPointers               = true                                 {lp64_product} {ergonomic}
     bool UseCompressedOops                        = true                                 {lp64_product} {ergonomic}
     bool UseG1GC                                  = true                                      {product} {ergonomic}
     bool UseLargePagesIndividualAllocation        = false                                  {pd product} {ergonomic}

Logging:
Log output configuration:
 #0: stdout all=warning uptime,level,tags
 #1: stderr all=off uptime,level,tags

Environment Variables:
PATH=C:\Windows\system32;C:\Windows;C:\Windows\System32\Wbem;C:\Windows\System32\WindowsPowerShell\v1.0\;C:\Windows\System32\OpenSSH\;C:\Program Files\Git\cmd;C:\Users\User\AppData\Local\Microsoft\WindowsApps;
USERNAME=User
OS=Windows_NT
PROCESSOR_IDENTIFIER=Intel64 Family 6 Model 142 Stepping 9, GenuineIntel



---------------  S Y S T E M  ---------------

OS: Windows 10 , 64 bit Build 19041 (10.0.19041.928)
OS uptime: 4 days 9:39 hours

CPU:total 4 (initial active 4) (2 cores per cpu, 2 threads per core) family 6 model 142 stepping 9 microcode 0xca, cmov, cx8, fxsr, mmx, sse, sse2, sse3, ssse3, sse4.1, sse4.2, popcnt, avx, avx2, aes, clmul, erms, rtm, 3dnowpref, lzcnt, ht, tsc, tscinvbit, bmi1, bmi2, adx, fma

Memory: 4k page, system-wide physical 8073M (345M free)
TotalPageFile size 23257M (AvailPageFile size 84M)
current process WorkingSet (physical memory assigned to process): 378M, peak: 444M
current process commit charge ("private bytes"): 544M, peak: 565M

vm_info: OpenJDK 64-Bit Server VM (11.0.11+9-b60-7590822) for windows-amd64 JRE (11.0.11+9-b60-7590822), built on Jul 29 2021 21:43:44 by "builder" with MS VC++ 14.0 (VS2015)

END.
