#
# There is insufficient memory for the Java Runtime Environment to continue.
# Native memory allocation (malloc) failed to allocate 61776 bytes for Chunk::new
# Possible reasons:
#   The system is out of physical RAM or swap space
#   The process is running with CompressedOops enabled, and the Java Heap may be blocking the growth of the native heap
# Possible solutions:
#   Reduce memory load on the system
#   Increase physical memory or swap space
#   Check if swap backing store is full
#   Decrease Java heap size (-Xmx/-Xms)
#   Decrease number of Java threads
#   Decrease Java thread stack sizes (-Xss)
#   Set larger code cache with -XX:ReservedCodeCacheSize=
#   JVM is running with Unscaled Compressed Oops mode in which the Java heap is
#     placed in the first 4GB address space. The Java Heap base address is the
#     maximum limit for the native heap growth. Please use -XX:HeapBaseMinAddress
#     to set the Java Heap base and to place the Java Heap above 4GB virtual address.
# This output file may be truncated or incomplete.
#
#  Out of Memory Error (./src/hotspot/share/memory/arena.cpp:197), pid=15428, tid=10364
#
# JRE version: OpenJDK Runtime Environment (11.0.11+9) (build 11.0.11+9-b60-7590822)
# Java VM: OpenJDK 64-Bit Server VM (11.0.11+9-b60-7590822, mixed mode, tiered, compressed oops, g1 gc, windows-amd64)
# No core dump will be written. Minidumps are not enabled by default on client versions of Windows
#

---------------  S U M M A R Y ------------

Command Line: --add-opens=java.base/java.util=ALL-UNNAMED --add-opens=java.base/java.lang=ALL-UNNAMED --add-opens=java.base/java.lang.invoke=ALL-UNNAMED --add-opens=java.base/java.util=ALL-UNNAMED --add-opens=java.prefs/java.util.prefs=ALL-UNNAMED --add-opens=java.prefs/java.util.prefs=ALL-UNNAMED --add-opens=java.base/java.nio.charset=ALL-UNNAMED --add-opens=java.base/java.net=ALL-UNNAMED --add-opens=java.base/java.util.concurrent.atomic=ALL-UNNAMED -Xmx2048m -Dfile.encoding=UTF-8 -Duser.country=BR -Duser.language=pt -Duser.variant org.gradle.launcher.daemon.bootstrap.GradleDaemon 7.2

Host: Intel(R) Core(TM) i5-7300U CPU @ 2.60GHz, 4 cores, 7G,  Windows 10 , 64 bit Build 19041 (10.0.19041.928)
Time: Mon Mar 21 23:46:31 2022 Hora oficial do Brasil elapsed time: 23.779571 seconds (0d 0h 0m 23s)

---------------  T H R E A D  ---------------

Current thread (0x000001ea9a2e1000):  JavaThread "C2 CompilerThread0" daemon [_thread_in_native, id=10364, stack(0x0000004824400000,0x0000004824500000)]


Current CompileTask:
C2:  23779 5501   !   4       jdk.internal.reflect.UTF8::encode (191 bytes)

Stack: [0x0000004824400000,0x0000004824500000]
Native frames: (J=compiled Java code, j=interpreted, Vv=VM code, C=native code)
V  [jvm.dll+0x5f214a]
V  [jvm.dll+0x726fb5]
V  [jvm.dll+0x7285cd]
V  [jvm.dll+0x728c83]
V  [jvm.dll+0x243278]
V  [jvm.dll+0xbc53c]
V  [jvm.dll+0xbca3c]
V  [jvm.dll+0x353e7d]
V  [jvm.dll+0x321893]
V  [jvm.dll+0x320d8a]
V  [jvm.dll+0x1fc1e2]
V  [jvm.dll+0x1fb3d4]
V  [jvm.dll+0x183d6c]
V  [jvm.dll+0x209a57]
V  [jvm.dll+0x2082a1]
V  [jvm.dll+0x6ef58f]
V  [jvm.dll+0x6e80b5]
V  [jvm.dll+0x5f1036]
C  [ucrtbase.dll+0x21bb2]
C  [KERNEL32.DLL+0x17034]
C  [ntdll.dll+0x52651]


---------------  P R O C E S S  ---------------

Threads class SMR info:
_java_thread_list=0x000001ea9b3403c0, length=77, elements={
0x000001eafd0bb800, 0x000001ea9a2be800, 0x000001ea9a2c0800, 0x000001ea9a2d8800,
0x000001ea9a2db000, 0x000001ea9a2dd800, 0x000001ea9a2e1000, 0x000001ea9a2e6800,
0x000001ea9a2ea800, 0x000001ea9adb3000, 0x000001ea9ce90000, 0x000001ea9ade2800,
0x000001ea9dd63800, 0x000001ea9dd6b800, 0x000001ea9dbc8800, 0x000001ea9d3d3800,
0x000001ea9d713000, 0x000001ea9dbad000, 0x000001ea9d7fa000, 0x000001ea9cdd4000,
0x000001ea9cdd7000, 0x000001ea9cdd4800, 0x000001ea9cdd3000, 0x000001ea9cdd6800,
0x000001ea9cdd5800, 0x000001ea9cdd8000, 0x000001ea9cdd2800, 0x000001ea9cdd9000,
0x000001ea9d09f000, 0x000001ea9d099800, 0x000001ea9d09c800, 0x000001ea9d0a0000,
0x000001ea9d09d800, 0x000001ea9d0a0800, 0x000001ea9d09e000, 0x000001ea9d09b000,
0x000001ea9d0a3000, 0x000001ea9d0a1800, 0x000001ea9d0a2800, 0x000001ea9d0a7000,
0x000001ea9d0a4000, 0x000001ea9d0a8000, 0x000001ea9d0a5800, 0x000001ea9d0a4800,
0x000001ea9d0a6800, 0x000001ea9e6bc800, 0x000001ea9e6c1000, 0x000001ea9e6bd800,
0x000001ea9e6be800, 0x000001ea9e6bf000, 0x000001ea9e6bc000, 0x000001ea9e6c1800,
0x000001ea9e6c5000, 0x000001ea9e6c5800, 0x000001ea9e6c4000, 0x000001ea9e6c0000,
0x000001ea9e6c7800, 0x000001ea9e6c6800, 0x000001ea9e6c8000, 0x000001ea9e6c2800,
0x000001ea9e6c9000, 0x000001ea9e6c3000, 0x000001ea9e6ca000, 0x000001ea9e6ca800,
0x000001ea9ff77800, 0x000001ea9ff78000, 0x000001ea9ff76800, 0x000001ea9ff75000,
0x000001ea9ff79000, 0x000001ea9ff73800, 0x000001ea9ff7a000, 0x000001ea9ff74000,
0x000001ea9ff7a800, 0x000001ea9ff7b800, 0x000001ea9ff75800, 0x000001ea9ff7d000,
0x000001ea9ff7c000
}

Java Threads: ( => current thread )
  0x000001eafd0bb800 JavaThread "main" [_thread_blocked, id=4568, stack(0x0000004823800000,0x0000004823900000)]
  0x000001ea9a2be800 JavaThread "Reference Handler" daemon [_thread_blocked, id=10628, stack(0x0000004823f00000,0x0000004824000000)]
  0x000001ea9a2c0800 JavaThread "Finalizer" daemon [_thread_blocked, id=936, stack(0x0000004824000000,0x0000004824100000)]
  0x000001ea9a2d8800 JavaThread "Signal Dispatcher" daemon [_thread_blocked, id=7040, stack(0x0000004824100000,0x0000004824200000)]
  0x000001ea9a2db000 JavaThread "Attach Listener" daemon [_thread_blocked, id=7292, stack(0x0000004824200000,0x0000004824300000)]
  0x000001ea9a2dd800 JavaThread "Service Thread" daemon [_thread_blocked, id=12156, stack(0x0000004824300000,0x0000004824400000)]
=>0x000001ea9a2e1000 JavaThread "C2 CompilerThread0" daemon [_thread_in_native, id=10364, stack(0x0000004824400000,0x0000004824500000)]
  0x000001ea9a2e6800 JavaThread "C1 CompilerThread0" daemon [_thread_blocked, id=3264, stack(0x0000004824500000,0x0000004824600000)]
  0x000001ea9a2ea800 JavaThread "Sweeper thread" daemon [_thread_blocked, id=17112, stack(0x0000004824600000,0x0000004824700000)]
  0x000001ea9adb3000 JavaThread "Common-Cleaner" daemon [_thread_blocked, id=4004, stack(0x0000004824700000,0x0000004824800000)]
  0x000001ea9ce90000 JavaThread "Daemon health stats" [_thread_blocked, id=14908, stack(0x0000004824c00000,0x0000004824d00000)]
  0x000001ea9ade2800 JavaThread "Incoming local TCP Connector on port 57190" [_thread_in_native, id=2336, stack(0x0000004824900000,0x0000004824a00000)]
  0x000001ea9dd63800 JavaThread "Daemon periodic checks" [_thread_blocked, id=14972, stack(0x0000004824d00000,0x0000004824e00000)]
  0x000001ea9dd6b800 JavaThread "Daemon" [_thread_blocked, id=5528, stack(0x0000004824e00000,0x0000004824f00000)]
  0x000001ea9dbc8800 JavaThread "Handler for socket connection from /127.0.0.1:57190 to /127.0.0.1:57191" [_thread_in_native, id=5844, stack(0x0000004824f00000,0x0000004825000000)]
  0x000001ea9d3d3800 JavaThread "Cancel handler" [_thread_blocked, id=4804, stack(0x0000004825000000,0x0000004825100000)]
  0x000001ea9d713000 JavaThread "Daemon worker" [_thread_in_Java, id=10756, stack(0x0000004825100000,0x0000004825200000)]
  0x000001ea9dbad000 JavaThread "Asynchronous log dispatcher for DefaultDaemonConnection: socket connection from /127.0.0.1:57190 to /127.0.0.1:57191" [_thread_blocked, id=5028, stack(0x0000004825200000,0x0000004825300000)]
  0x000001ea9d7fa000 JavaThread "Stdin handler" [_thread_blocked, id=12388, stack(0x0000004825300000,0x0000004825400000)]
  0x000001ea9cdd4000 JavaThread "Daemon client event forwarder" [_thread_blocked, id=13320, stack(0x0000004825400000,0x0000004825500000)]
  0x000001ea9cdd7000 JavaThread "Cache worker for journal cache (C:\Users\User\.gradle\caches\journal-1)" [_thread_blocked, id=15892, stack(0x0000004825600000,0x0000004825700000)]
  0x000001ea9cdd4800 JavaThread "File lock request listener" [_thread_in_native, id=11908, stack(0x0000004825700000,0x0000004825800000)]
  0x000001ea9cdd3000 JavaThread "Cache worker for file hash cache (C:\Users\User\.gradle\caches\7.2\fileHashes)" [_thread_blocked, id=17216, stack(0x0000004825800000,0x0000004825900000)]
  0x000001ea9cdd6800 JavaThread "Cache worker for file hash cache (C:\Users\User\AndroidStudioProjects\ToDo20\.gradle\7.2\fileHashes)" [_thread_blocked, id=6632, stack(0x0000004825900000,0x0000004825a00000)]
  0x000001ea9cdd5800 JavaThread "File watcher server" daemon [_thread_in_native, id=9232, stack(0x0000004825b00000,0x0000004825c00000)]
  0x000001ea9cdd8000 JavaThread "File watcher consumer" daemon [_thread_blocked, id=8924, stack(0x0000004825c00000,0x0000004825d00000)]
  0x000001ea9cdd2800 JavaThread "Cache worker for checksums cache (C:\Users\User\AndroidStudioProjects\ToDo20\.gradle\checksums)" [_thread_blocked, id=16256, stack(0x0000004825d00000,0x0000004825e00000)]
  0x000001ea9cdd9000 JavaThread "Cache worker for cache directory md-supplier (C:\Users\User\.gradle\caches\7.2\md-supplier)" [_thread_blocked, id=8724, stack(0x0000004825e00000,0x0000004825f00000)]
  0x000001ea9d09f000 JavaThread "Cache worker for cache directory md-rule (C:\Users\User\.gradle\caches\7.2\md-rule)" [_thread_blocked, id=15280, stack(0x0000004825f00000,0x0000004826000000)]
  0x000001ea9d099800 JavaThread "Cache worker for execution history cache (C:\Users\User\.gradle\caches\7.2\executionHistory)" [_thread_blocked, id=2508, stack(0x0000004826000000,0x0000004826100000)]
  0x000001ea9d09c800 JavaThread "jar transforms" [_thread_blocked, id=7252, stack(0x0000004826100000,0x0000004826200000)]
  0x000001ea9d0a0000 JavaThread "Cache worker for file content cache (C:\Users\User\.gradle\caches\7.2\fileContent)" [_thread_blocked, id=2980, stack(0x0000004826200000,0x0000004826300000)]
  0x000001ea9d09d800 JavaThread "jar transforms Thread 2" [_thread_blocked, id=1660, stack(0x0000004826300000,0x0000004826400000)]
  0x000001ea9d0a0800 JavaThread "Cache worker for dependencies-accessors (C:\Users\User\AndroidStudioProjects\ToDo20\.gradle\7.2\dependencies-accessors)" [_thread_blocked, id=9956, stack(0x0000004826400000,0x0000004826500000)]
  0x000001ea9d09e000 JavaThread "jar transforms Thread 3" [_thread_blocked, id=4464, stack(0x0000004826500000,0x0000004826600000)]
  0x000001ea9d09b000 JavaThread "Cache worker for Build Output Cleanup Cache (C:\Users\User\AndroidStudioProjects\ToDo20\.gradle\buildOutputCleanup)" [_thread_blocked, id=14052, stack(0x0000004825a00000,0x0000004825b00000)]
  0x000001ea9d0a3000 JavaThread "Unconstrained build operations" [_thread_blocked, id=6972, stack(0x0000004826600000,0x0000004826700000)]
  0x000001ea9d0a1800 JavaThread "Unconstrained build operations Thread 2" [_thread_blocked, id=16520, stack(0x0000004826700000,0x0000004826800000)]
  0x000001ea9d0a2800 JavaThread "Unconstrained build operations Thread 3" [_thread_blocked, id=9380, stack(0x0000004826800000,0x0000004826900000)]
  0x000001ea9d0a7000 JavaThread "Unconstrained build operations Thread 4" [_thread_blocked, id=10860, stack(0x0000004826900000,0x0000004826a00000)]
  0x000001ea9d0a4000 JavaThread "Unconstrained build operations Thread 5" [_thread_blocked, id=5288, stack(0x0000004826a00000,0x0000004826b00000)]
  0x000001ea9d0a8000 JavaThread "Unconstrained build operations Thread 6" [_thread_blocked, id=16648, stack(0x0000004826b00000,0x0000004826c00000)]
  0x000001ea9d0a5800 JavaThread "Unconstrained build operations Thread 7" [_thread_blocked, id=8576, stack(0x0000004826c00000,0x0000004826d00000)]
  0x000001ea9d0a4800 JavaThread "Unconstrained build operations Thread 8" [_thread_blocked, id=6292, stack(0x0000004826d00000,0x0000004826e00000)]
  0x000001ea9d0a6800 JavaThread "Unconstrained build operations Thread 9" [_thread_blocked, id=16220, stack(0x0000004826e00000,0x0000004826f00000)]
  0x000001ea9e6bc800 JavaThread "Unconstrained build operations Thread 10" [_thread_blocked, id=9212, stack(0x0000004826f00000,0x0000004827000000)]
  0x000001ea9e6c1000 JavaThread "Unconstrained build operations Thread 11" [_thread_blocked, id=12620, stack(0x0000004827000000,0x0000004827100000)]
  0x000001ea9e6bd800 JavaThread "Unconstrained build operations Thread 12" [_thread_blocked, id=12948, stack(0x0000004827100000,0x0000004827200000)]
  0x000001ea9e6be800 JavaThread "Unconstrained build operations Thread 13" [_thread_blocked, id=8636, stack(0x0000004827200000,0x0000004827300000)]
  0x000001ea9e6bf000 JavaThread "Unconstrained build operations Thread 14" [_thread_blocked, id=8532, stack(0x0000004827300000,0x0000004827400000)]
  0x000001ea9e6bc000 JavaThread "Unconstrained build operations Thread 15" [_thread_blocked, id=9168, stack(0x0000004827400000,0x0000004827500000)]
  0x000001ea9e6c1800 JavaThread "Unconstrained build operations Thread 16" [_thread_blocked, id=6256, stack(0x0000004827500000,0x0000004827600000)]
  0x000001ea9e6c5000 JavaThread "Unconstrained build operations Thread 17" [_thread_blocked, id=16568, stack(0x0000004827600000,0x0000004827700000)]
  0x000001ea9e6c5800 JavaThread "Unconstrained build operations Thread 18" [_thread_blocked, id=15936, stack(0x0000004827700000,0x0000004827800000)]
  0x000001ea9e6c4000 JavaThread "Unconstrained build operations Thread 19" [_thread_blocked, id=12092, stack(0x0000004827800000,0x0000004827900000)]
  0x000001ea9e6c0000 JavaThread "Unconstrained build operations Thread 20" [_thread_blocked, id=10620, stack(0x0000004827900000,0x0000004827a00000)]
  0x000001ea9e6c7800 JavaThread "Unconstrained build operations Thread 21" [_thread_blocked, id=16164, stack(0x0000004827a00000,0x0000004827b00000)]
  0x000001ea9e6c6800 JavaThread "Unconstrained build operations Thread 22" [_thread_blocked, id=16196, stack(0x0000004827b00000,0x0000004827c00000)]
  0x000001ea9e6c8000 JavaThread "Unconstrained build operations Thread 23" [_thread_blocked, id=7000, stack(0x0000004827c00000,0x0000004827d00000)]
  0x000001ea9e6c2800 JavaThread "Unconstrained build operations Thread 24" [_thread_blocked, id=15024, stack(0x0000004827d00000,0x0000004827e00000)]
  0x000001ea9e6c9000 JavaThread "Unconstrained build operations Thread 25" [_thread_blocked, id=16840, stack(0x0000004827e00000,0x0000004827f00000)]
  0x000001ea9e6c3000 JavaThread "Unconstrained build operations Thread 26" [_thread_blocked, id=5952, stack(0x0000004827f00000,0x0000004828000000)]
  0x000001ea9e6ca000 JavaThread "Unconstrained build operations Thread 27" [_thread_blocked, id=14400, stack(0x0000004828000000,0x0000004828100000)]
  0x000001ea9e6ca800 JavaThread "Unconstrained build operations Thread 28" [_thread_blocked, id=5404, stack(0x0000004828100000,0x0000004828200000)]
  0x000001ea9ff77800 JavaThread "Unconstrained build operations Thread 29" [_thread_blocked, id=276, stack(0x0000004828200000,0x0000004828300000)]
  0x000001ea9ff78000 JavaThread "Unconstrained build operations Thread 30" [_thread_blocked, id=11604, stack(0x0000004828300000,0x0000004828400000)]
  0x000001ea9ff76800 JavaThread "Unconstrained build operations Thread 31" [_thread_blocked, id=17264, stack(0x0000004828400000,0x0000004828500000)]
  0x000001ea9ff75000 JavaThread "Unconstrained build operations Thread 32" [_thread_blocked, id=10304, stack(0x0000004828500000,0x0000004828600000)]
  0x000001ea9ff79000 JavaThread "Unconstrained build operations Thread 33" [_thread_blocked, id=15060, stack(0x0000004828600000,0x0000004828700000)]
  0x000001ea9ff73800 JavaThread "Unconstrained build operations Thread 34" [_thread_blocked, id=14508, stack(0x0000004828700000,0x0000004828800000)]
  0x000001ea9ff7a000 JavaThread "Unconstrained build operations Thread 35" [_thread_blocked, id=9420, stack(0x0000004828800000,0x0000004828900000)]
  0x000001ea9ff74000 JavaThread "Unconstrained build operations Thread 36" [_thread_blocked, id=9972, stack(0x0000004828900000,0x0000004828a00000)]
  0x000001ea9ff7a800 JavaThread "Unconstrained build operations Thread 37" [_thread_blocked, id=16096, stack(0x0000004828a00000,0x0000004828b00000)]
  0x000001ea9ff7b800 JavaThread "Unconstrained build operations Thread 38" [_thread_blocked, id=15048, stack(0x0000004828b00000,0x0000004828c00000)]
  0x000001ea9ff75800 JavaThread "Unconstrained build operations Thread 39" [_thread_blocked, id=9336, stack(0x0000004828c00000,0x0000004828d00000)]
  0x000001ea9ff7d000 JavaThread "Unconstrained build operations Thread 40" [_thread_blocked, id=10276, stack(0x0000004828d00000,0x0000004828e00000)]
  0x000001ea9ff7c000 JavaThread "jar transforms Thread 4" [_thread_blocked, id=7928, stack(0x0000004828e00000,0x0000004828f00000)]

Other Threads:
  0x000001ea9a2b6800 VMThread "VM Thread" [stack: 0x0000004823e00000,0x0000004823f00000] [id=4580]
  0x000001ea9adcc800 WatcherThread [stack: 0x0000004824800000,0x0000004824900000] [id=10112]
  0x000001eafd0d5000 GCTaskThread "GC Thread#0" [stack: 0x0000004823900000,0x0000004823a00000] [id=7448]
  0x000001ea9b327800 GCTaskThread "GC Thread#1" [stack: 0x0000004824a00000,0x0000004824b00000] [id=11944]
  0x000001ea9afed800 GCTaskThread "GC Thread#2" [stack: 0x0000004824b00000,0x0000004824c00000] [id=7648]
  0x000001ea9d88f000 GCTaskThread "GC Thread#3" [stack: 0x0000004825500000,0x0000004825600000] [id=16160]
  0x000001eafd107000 ConcurrentGCThread "G1 Main Marker" [stack: 0x0000004823a00000,0x0000004823b00000] [id=15584]
  0x000001eafd108000 ConcurrentGCThread "G1 Conc#0" [stack: 0x0000004823b00000,0x0000004823c00000] [id=14452]
  0x000001eafd197800 ConcurrentGCThread "G1 Refine#0" [stack: 0x0000004823c00000,0x0000004823d00000] [id=16556]
  0x000001eafd198800 ConcurrentGCThread "G1 Young RemSet Sampling" [stack: 0x0000004823d00000,0x0000004823e00000] [id=10868]

Threads with active compile tasks:
C2 CompilerThread0  23842 5501   !   4       jdk.internal.reflect.UTF8::encode (191 bytes)

VM state:not at safepoint (normal execution)

VM Mutex/Monitor currently owned by a thread: None

OutOfMemory and StackOverflow Exception counts:
OutOfMemoryError java_heap_errors=5
LinkageErrors=82

Heap address: 0x0000000080000000, size: 2048 MB, Compressed Oops mode: 32-bit
Narrow klass base: 0x0000000000000000, Narrow klass shift: 3
Compressed class space size: 1073741824 Address: 0x0000000100000000

Heap:
 garbage-first heap   total 157696K, used 95812K [0x0000000080000000, 0x0000000100000000)
  region size 1024K, 59 young (60416K), 3 survivors (3072K)
 Metaspace       used 48343K, capacity 49489K, committed 49616K, reserved 1093632K
  class space    used 6149K, capacity 6604K, committed 6656K, reserved 1048576K
Heap Regions: E=young(eden), S=young(survivor), O=old, HS=humongous(starts), HC=humongous(continues), CS=collection set, F=free, A=archive, TAMS=top-at-mark-start (previous, next)
|   0|0x0000000080000000, 0x0000000080100000, 0x0000000080100000|100%| O|  |TAMS 0x0000000080100000, 0x0000000080000000| Untracked 
|   1|0x0000000080100000, 0x0000000080200000, 0x0000000080200000|100%| O|  |TAMS 0x0000000080200000, 0x0000000080100000| Untracked 
|   2|0x0000000080200000, 0x0000000080300000, 0x0000000080300000|100%| O|  |TAMS 0x0000000080300000, 0x0000000080200000| Untracked 
|   3|0x0000000080300000, 0x0000000080400000, 0x0000000080400000|100%|HS|  |TAMS 0x0000000080400000, 0x0000000080300000| Complete 
|   4|0x0000000080400000, 0x0000000080500000, 0x0000000080500000|100%|HC|  |TAMS 0x0000000080500000, 0x0000000080400000| Complete 
|   5|0x0000000080500000, 0x0000000080600000, 0x0000000080600000|100%|HC|  |TAMS 0x0000000080600000, 0x0000000080500000| Complete 
|   6|0x0000000080600000, 0x0000000080700000, 0x0000000080700000|100%| O|  |TAMS 0x0000000080700000, 0x0000000080600000| Untracked 
|   7|0x0000000080700000, 0x0000000080800000, 0x0000000080800000|100%| O|  |TAMS 0x0000000080800000, 0x0000000080700000| Untracked 
|   8|0x0000000080800000, 0x0000000080900000, 0x0000000080900000|100%| O|  |TAMS 0x0000000080900000, 0x0000000080800000| Untracked 
|   9|0x0000000080900000, 0x0000000080a00000, 0x0000000080a00000|100%| O|  |TAMS 0x0000000080a00000, 0x0000000080900000| Untracked 
|  10|0x0000000080a00000, 0x0000000080b00000, 0x0000000080b00000|100%| O|  |TAMS 0x0000000080b00000, 0x0000000080a00000| Untracked 
|  11|0x0000000080b00000, 0x0000000080c00000, 0x0000000080c00000|100%| O|  |TAMS 0x0000000080c00000, 0x0000000080b00000| Untracked 
|  12|0x0000000080c00000, 0x0000000080d00000, 0x0000000080d00000|100%| O|  |TAMS 0x0000000080d00000, 0x0000000080c00000| Untracked 
|  13|0x0000000080d00000, 0x0000000080e00000, 0x0000000080e00000|100%| O|  |TAMS 0x0000000080e00000, 0x0000000080d00000| Untracked 
|  14|0x0000000080e00000, 0x0000000080f00000, 0x0000000080f00000|100%| O|  |TAMS 0x0000000080f00000, 0x0000000080e00000| Untracked 
|  15|0x0000000080f00000, 0x0000000081000000, 0x0000000081000000|100%| O|  |TAMS 0x0000000081000000, 0x0000000080f00000| Untracked 
|  16|0x0000000081000000, 0x0000000081100000, 0x0000000081100000|100%| O|  |TAMS 0x0000000081100000, 0x0000000081000000| Untracked 
|  17|0x0000000081100000, 0x0000000081200000, 0x0000000081200000|100%| O|  |TAMS 0x0000000081200000, 0x0000000081100000| Untracked 
|  18|0x0000000081200000, 0x0000000081300000, 0x0000000081300000|100%| O|  |TAMS 0x00000000812e4c00, 0x0000000081200000| Untracked 
|  19|0x0000000081300000, 0x0000000081400000, 0x0000000081400000|100%|HS|  |TAMS 0x0000000081300000, 0x0000000081300000| Complete 
|  20|0x0000000081400000, 0x0000000081500000, 0x0000000081500000|100%| O|  |TAMS 0x0000000081400000, 0x0000000081400000| Untracked 
|  21|0x0000000081500000, 0x0000000081600000, 0x0000000081600000|100%| O|  |TAMS 0x0000000081500000, 0x0000000081500000| Untracked 
|  22|0x0000000081600000, 0x0000000081700000, 0x0000000081700000|100%| O|  |TAMS 0x0000000081600000, 0x0000000081600000| Untracked 
|  23|0x0000000081700000, 0x0000000081800000, 0x0000000081800000|100%| O|  |TAMS 0x0000000081700000, 0x0000000081700000| Untracked 
|  24|0x0000000081800000, 0x0000000081900000, 0x0000000081900000|100%| O|  |TAMS 0x0000000081800000, 0x0000000081800000| Untracked 
|  25|0x0000000081900000, 0x0000000081a00000, 0x0000000081a00000|100%| O|  |TAMS 0x0000000081900000, 0x0000000081900000| Untracked 
|  26|0x0000000081a00000, 0x0000000081b00000, 0x0000000081b00000|100%| O|  |TAMS 0x0000000081a00000, 0x0000000081a00000| Untracked 
|  27|0x0000000081b00000, 0x0000000081bdea00, 0x0000000081c00000| 86%| O|  |TAMS 0x0000000081b00000, 0x0000000081b00000| Untracked 
|  28|0x0000000081c00000, 0x0000000081d00000, 0x0000000081d00000|100%|HS|  |TAMS 0x0000000081c00000, 0x0000000081c00000| Complete 
|  29|0x0000000081d00000, 0x0000000081e00000, 0x0000000081e00000|100%|HS|  |TAMS 0x0000000081d00000, 0x0000000081d00000| Complete 
|  30|0x0000000081e00000, 0x0000000081f00000, 0x0000000081f00000|100%|HS|  |TAMS 0x0000000081e00000, 0x0000000081e00000| Complete 
|  31|0x0000000081f00000, 0x0000000082000000, 0x0000000082000000|100%|HS|  |TAMS 0x0000000081f00000, 0x0000000081f00000| Complete 
|  32|0x0000000082000000, 0x0000000082100000, 0x0000000082100000|100%|HC|  |TAMS 0x0000000082000000, 0x0000000082000000| Complete 
|  33|0x0000000082100000, 0x0000000082200000, 0x0000000082200000|100%|HC|  |TAMS 0x0000000082100000, 0x0000000082100000| Complete 
|  34|0x0000000082200000, 0x0000000082300000, 0x0000000082300000|100%|HS|  |TAMS 0x0000000082200000, 0x0000000082200000| Complete 
|  35|0x0000000082300000, 0x0000000082400000, 0x0000000082400000|100%|HC|  |TAMS 0x0000000082300000, 0x0000000082300000| Complete 
|  36|0x0000000082400000, 0x0000000082400000, 0x0000000082500000|  0%| F|  |TAMS 0x0000000082400000, 0x0000000082400000| Untracked 
|  37|0x0000000082500000, 0x0000000082500000, 0x0000000082600000|  0%| F|  |TAMS 0x0000000082500000, 0x0000000082500000| Untracked 
|  38|0x0000000082600000, 0x0000000082600000, 0x0000000082700000|  0%| F|  |TAMS 0x0000000082600000, 0x0000000082600000| Untracked 
|  39|0x0000000082700000, 0x0000000082700000, 0x0000000082800000|  0%| F|  |TAMS 0x0000000082700000, 0x0000000082700000| Untracked 
|  40|0x0000000082800000, 0x0000000082800000, 0x0000000082900000|  0%| F|  |TAMS 0x0000000082800000, 0x0000000082800000| Untracked 
|  41|0x0000000082900000, 0x0000000082900000, 0x0000000082a00000|  0%| F|  |TAMS 0x0000000082900000, 0x0000000082900000| Untracked 
|  42|0x0000000082a00000, 0x0000000082a00000, 0x0000000082b00000|  0%| F|  |TAMS 0x0000000082a00000, 0x0000000082a00000| Untracked 
|  43|0x0000000082b00000, 0x0000000082b00000, 0x0000000082c00000|  0%| F|  |TAMS 0x0000000082b00000, 0x0000000082b00000| Untracked 
|  44|0x0000000082c00000, 0x0000000082c00000, 0x0000000082d00000|  0%| F|  |TAMS 0x0000000082c00000, 0x0000000082c00000| Untracked 
|  45|0x0000000082d00000, 0x0000000082d00000, 0x0000000082e00000|  0%| F|  |TAMS 0x0000000082d00000, 0x0000000082d00000| Untracked 
|  46|0x0000000082e00000, 0x0000000082e00000, 0x0000000082f00000|  0%| F|  |TAMS 0x0000000082e00000, 0x0000000082e00000| Untracked 
|  47|0x0000000082f00000, 0x0000000082f00000, 0x0000000083000000|  0%| F|  |TAMS 0x0000000082f00000, 0x0000000082f00000| Untracked 
|  48|0x0000000083000000, 0x0000000083000000, 0x0000000083100000|  0%| F|  |TAMS 0x0000000083000000, 0x0000000083000000| Untracked 
|  49|0x0000000083100000, 0x0000000083100000, 0x0000000083200000|  0%| F|  |TAMS 0x0000000083100000, 0x0000000083100000| Untracked 
|  50|0x0000000083200000, 0x0000000083200000, 0x0000000083300000|  0%| F|  |TAMS 0x0000000083200000, 0x0000000083200000| Untracked 
|  51|0x0000000083300000, 0x0000000083300000, 0x0000000083400000|  0%| F|  |TAMS 0x0000000083300000, 0x0000000083300000| Untracked 
|  52|0x0000000083400000, 0x0000000083400000, 0x0000000083500000|  0%| F|  |TAMS 0x0000000083400000, 0x0000000083400000| Untracked 
|  53|0x0000000083500000, 0x0000000083500000, 0x0000000083600000|  0%| F|  |TAMS 0x0000000083500000, 0x0000000083500000| Untracked 
|  54|0x0000000083600000, 0x0000000083600000, 0x0000000083700000|  0%| F|  |TAMS 0x0000000083600000, 0x0000000083600000| Untracked 
|  55|0x0000000083700000, 0x0000000083700000, 0x0000000083800000|  0%| F|  |TAMS 0x0000000083700000, 0x0000000083700000| Untracked 
|  56|0x0000000083800000, 0x0000000083800000, 0x0000000083900000|  0%| F|  |TAMS 0x0000000083800000, 0x0000000083800000| Untracked 
|  57|0x0000000083900000, 0x0000000083900000, 0x0000000083a00000|  0%| F|  |TAMS 0x0000000083900000, 0x0000000083900000| Untracked 
|  58|0x0000000083a00000, 0x0000000083a00000, 0x0000000083b00000|  0%| F|  |TAMS 0x0000000083a00000, 0x0000000083a00000| Untracked 
|  59|0x0000000083b00000, 0x0000000083b00000, 0x0000000083c00000|  0%| F|  |TAMS 0x0000000083b00000, 0x0000000083b00000| Untracked 
|  60|0x0000000083c00000, 0x0000000083c00000, 0x0000000083d00000|  0%| F|  |TAMS 0x0000000083c00000, 0x0000000083c00000| Untracked 
|  61|0x0000000083d00000, 0x0000000083d00000, 0x0000000083e00000|  0%| F|  |TAMS 0x0000000083d00000, 0x0000000083d00000| Untracked 
|  62|0x0000000083e00000, 0x0000000083e00000, 0x0000000083f00000|  0%| F|  |TAMS 0x0000000083e00000, 0x0000000083e00000| Untracked 
|  63|0x0000000083f00000, 0x0000000083f00000, 0x0000000084000000|  0%| F|  |TAMS 0x0000000083f00000, 0x0000000083f00000| Untracked 
|  64|0x0000000084000000, 0x0000000084000000, 0x0000000084100000|  0%| F|  |TAMS 0x0000000084000000, 0x0000000084000000| Untracked 
|  65|0x0000000084100000, 0x0000000084100000, 0x0000000084200000|  0%| F|  |TAMS 0x0000000084100000, 0x0000000084100000| Untracked 
|  66|0x0000000084200000, 0x0000000084200000, 0x0000000084300000|  0%| F|  |TAMS 0x0000000084200000, 0x0000000084200000| Untracked 
|  67|0x0000000084300000, 0x0000000084300000, 0x0000000084400000|  0%| F|  |TAMS 0x0000000084300000, 0x0000000084300000| Untracked 
|  68|0x0000000084400000, 0x0000000084400000, 0x0000000084500000|  0%| F|  |TAMS 0x0000000084400000, 0x0000000084400000| Untracked 
|  69|0x0000000084500000, 0x0000000084500000, 0x0000000084600000|  0%| F|  |TAMS 0x0000000084500000, 0x0000000084500000| Untracked 
|  70|0x0000000084600000, 0x0000000084600000, 0x0000000084700000|  0%| F|  |TAMS 0x0000000084600000, 0x0000000084600000| Untracked 
|  71|0x0000000084700000, 0x0000000084700000, 0x0000000084800000|  0%| F|  |TAMS 0x0000000084700000, 0x0000000084700000| Untracked 
|  72|0x0000000084800000, 0x0000000084800000, 0x0000000084900000|  0%| F|  |TAMS 0x0000000084800000, 0x0000000084800000| Untracked 
|  73|0x0000000084900000, 0x0000000084900000, 0x0000000084a00000|  0%| F|  |TAMS 0x0000000084900000, 0x0000000084900000| Untracked 
|  74|0x0000000084a00000, 0x0000000084a00000, 0x0000000084b00000|  0%| F|  |TAMS 0x0000000084a00000, 0x0000000084a00000| Untracked 
|  75|0x0000000084b00000, 0x0000000084b00000, 0x0000000084c00000|  0%| F|  |TAMS 0x0000000084b00000, 0x0000000084b00000| Untracked 
|  76|0x0000000084c00000, 0x0000000084c00000, 0x0000000084d00000|  0%| F|  |TAMS 0x0000000084c00000, 0x0000000084c00000| Untracked 
|  77|0x0000000084d00000, 0x0000000084d00000, 0x0000000084e00000|  0%| F|  |TAMS 0x0000000084d00000, 0x0000000084d00000| Untracked 
|  78|0x0000000084e00000, 0x0000000084e00000, 0x0000000084f00000|  0%| F|  |TAMS 0x0000000084e00000, 0x0000000084e00000| Untracked 
|  79|0x0000000084f00000, 0x0000000084f00000, 0x0000000085000000|  0%| F|  |TAMS 0x0000000084f00000, 0x0000000084f00000| Untracked 
|  80|0x0000000085000000, 0x0000000085000000, 0x0000000085100000|  0%| F|  |TAMS 0x0000000085000000, 0x0000000085000000| Untracked 
|  81|0x0000000085100000, 0x0000000085100000, 0x0000000085200000|  0%| F|  |TAMS 0x0000000085100000, 0x0000000085100000| Untracked 
|  82|0x0000000085200000, 0x0000000085200000, 0x0000000085300000|  0%| F|  |TAMS 0x0000000085200000, 0x0000000085200000| Untracked 
|  83|0x0000000085300000, 0x0000000085300000, 0x0000000085400000|  0%| F|  |TAMS 0x0000000085300000, 0x0000000085300000| Untracked 
|  84|0x0000000085400000, 0x0000000085400000, 0x0000000085500000|  0%| F|  |TAMS 0x0000000085400000, 0x0000000085400000| Untracked 
|  85|0x0000000085500000, 0x0000000085500000, 0x0000000085600000|  0%| F|  |TAMS 0x0000000085500000, 0x0000000085500000| Untracked 
|  86|0x0000000085600000, 0x0000000085600000, 0x0000000085700000|  0%| F|  |TAMS 0x0000000085600000, 0x0000000085600000| Untracked 
|  87|0x0000000085700000, 0x00000000857b2950, 0x0000000085800000| 69%| S|CS|TAMS 0x0000000085700000, 0x0000000085700000| Complete 
|  88|0x0000000085800000, 0x0000000085900000, 0x0000000085900000|100%| S|CS|TAMS 0x0000000085800000, 0x0000000085800000| Complete 
|  89|0x0000000085900000, 0x0000000085a00000, 0x0000000085a00000|100%| S|CS|TAMS 0x0000000085900000, 0x0000000085900000| Complete 
|  90|0x0000000085a00000, 0x0000000085a00000, 0x0000000085b00000|  0%| F|  |TAMS 0x0000000085a00000, 0x0000000085a00000| Untracked 
|  91|0x0000000085b00000, 0x0000000085b00000, 0x0000000085c00000|  0%| F|  |TAMS 0x0000000085b00000, 0x0000000085b00000| Untracked 
|  92|0x0000000085c00000, 0x0000000085c00000, 0x0000000085d00000|  0%| F|  |TAMS 0x0000000085c00000, 0x0000000085c00000| Untracked 
|  93|0x0000000085d00000, 0x0000000085d00000, 0x0000000085e00000|  0%| F|  |TAMS 0x0000000085d00000, 0x0000000085d00000| Untracked 
|  94|0x0000000085e00000, 0x0000000085e00000, 0x0000000085f00000|  0%| F|  |TAMS 0x0000000085e00000, 0x0000000085e00000| Untracked 
|  95|0x0000000085f00000, 0x0000000085f00000, 0x0000000086000000|  0%| F|  |TAMS 0x0000000085f00000, 0x0000000085f00000| Untracked 
|  96|0x0000000086000000, 0x0000000086000000, 0x0000000086100000|  0%| F|  |TAMS 0x0000000086000000, 0x0000000086000000| Untracked 
|  97|0x0000000086100000, 0x0000000086100000, 0x0000000086200000|  0%| F|  |TAMS 0x0000000086100000, 0x0000000086100000| Untracked 
|  98|0x0000000086200000, 0x0000000086217d50, 0x0000000086300000|  9%| E|  |TAMS 0x0000000086200000, 0x0000000086200000| Complete 
|  99|0x0000000086300000, 0x0000000086400000, 0x0000000086400000|100%| E|CS|TAMS 0x0000000086300000, 0x0000000086300000| Complete 
| 100|0x0000000086400000, 0x0000000086500000, 0x0000000086500000|100%| E|CS|TAMS 0x0000000086400000, 0x0000000086400000| Complete 
| 101|0x0000000086500000, 0x0000000086600000, 0x0000000086600000|100%| E|CS|TAMS 0x0000000086500000, 0x0000000086500000| Complete 
| 102|0x0000000086600000, 0x0000000086700000, 0x0000000086700000|100%| E|CS|TAMS 0x0000000086600000, 0x0000000086600000| Complete 
| 103|0x0000000086700000, 0x0000000086800000, 0x0000000086800000|100%| E|CS|TAMS 0x0000000086700000, 0x0000000086700000| Complete 
| 104|0x0000000086800000, 0x0000000086900000, 0x0000000086900000|100%| E|CS|TAMS 0x0000000086800000, 0x0000000086800000| Complete 
| 105|0x0000000086900000, 0x0000000086a00000, 0x0000000086a00000|100%| E|CS|TAMS 0x0000000086900000, 0x0000000086900000| Complete 
| 106|0x0000000086a00000, 0x0000000086b00000, 0x0000000086b00000|100%| E|CS|TAMS 0x0000000086a00000, 0x0000000086a00000| Complete 
| 107|0x0000000086b00000, 0x0000000086c00000, 0x0000000086c00000|100%| E|CS|TAMS 0x0000000086b00000, 0x0000000086b00000| Complete 
| 108|0x0000000086c00000, 0x0000000086d00000, 0x0000000086d00000|100%| E|CS|TAMS 0x0000000086c00000, 0x0000000086c00000| Complete 
| 109|0x0000000086d00000, 0x0000000086e00000, 0x0000000086e00000|100%| E|CS|TAMS 0x0000000086d00000, 0x0000000086d00000| Complete 
| 110|0x0000000086e00000, 0x0000000086f00000, 0x0000000086f00000|100%| E|CS|TAMS 0x0000000086e00000, 0x0000000086e00000| Complete 
| 111|0x0000000086f00000, 0x0000000087000000, 0x0000000087000000|100%| E|CS|TAMS 0x0000000086f00000, 0x0000000086f00000| Complete 
| 112|0x0000000087000000, 0x0000000087100000, 0x0000000087100000|100%| E|CS|TAMS 0x0000000087000000, 0x0000000087000000| Complete 
| 113|0x0000000087100000, 0x0000000087200000, 0x0000000087200000|100%| E|CS|TAMS 0x0000000087100000, 0x0000000087100000| Complete 
| 114|0x0000000087200000, 0x0000000087300000, 0x0000000087300000|100%| E|CS|TAMS 0x0000000087200000, 0x0000000087200000| Complete 
| 115|0x0000000087300000, 0x0000000087400000, 0x0000000087400000|100%| E|CS|TAMS 0x0000000087300000, 0x0000000087300000| Complete 
| 116|0x0000000087400000, 0x0000000087500000, 0x0000000087500000|100%| E|CS|TAMS 0x0000000087400000, 0x0000000087400000| Complete 
| 117|0x0000000087500000, 0x0000000087600000, 0x0000000087600000|100%| E|CS|TAMS 0x0000000087500000, 0x0000000087500000| Complete 
| 118|0x0000000087600000, 0x0000000087700000, 0x0000000087700000|100%| E|CS|TAMS 0x0000000087600000, 0x0000000087600000| Complete 
| 119|0x0000000087700000, 0x0000000087800000, 0x0000000087800000|100%| E|CS|TAMS 0x0000000087700000, 0x0000000087700000| Complete 
| 120|0x0000000087800000, 0x0000000087900000, 0x0000000087900000|100%| E|CS|TAMS 0x0000000087800000, 0x0000000087800000| Complete 
| 121|0x0000000087900000, 0x0000000087a00000, 0x0000000087a00000|100%| E|CS|TAMS 0x0000000087900000, 0x0000000087900000| Complete 
| 122|0x0000000087a00000, 0x0000000087b00000, 0x0000000087b00000|100%| E|CS|TAMS 0x0000000087a00000, 0x0000000087a00000| Complete 
| 123|0x0000000087b00000, 0x0000000087c00000, 0x0000000087c00000|100%| E|CS|TAMS 0x0000000087b00000, 0x0000000087b00000| Complete 
| 124|0x0000000087c00000, 0x0000000087d00000, 0x0000000087d00000|100%| E|CS|TAMS 0x0000000087c00000, 0x0000000087c00000| Complete 
| 125|0x0000000087d00000, 0x0000000087e00000, 0x0000000087e00000|100%| E|CS|TAMS 0x0000000087d00000, 0x0000000087d00000| Complete 
| 126|0x0000000087e00000, 0x0000000087f00000, 0x0000000087f00000|100%| E|CS|TAMS 0x0000000087e00000, 0x0000000087e00000| Complete 
| 127|0x0000000087f00000, 0x0000000088000000, 0x0000000088000000|100%| E|CS|TAMS 0x0000000087f00000, 0x0000000087f00000| Complete 
| 128|0x0000000088000000, 0x0000000088100000, 0x0000000088100000|100%| E|CS|TAMS 0x0000000088000000, 0x0000000088000000| Complete 
| 129|0x0000000088100000, 0x0000000088200000, 0x0000000088200000|100%| E|CS|TAMS 0x0000000088100000, 0x0000000088100000| Complete 
| 130|0x0000000088200000, 0x0000000088300000, 0x0000000088300000|100%| E|CS|TAMS 0x0000000088200000, 0x0000000088200000| Complete 
| 131|0x0000000088300000, 0x0000000088400000, 0x0000000088400000|100%| E|CS|TAMS 0x0000000088300000, 0x0000000088300000| Complete 
| 132|0x0000000088400000, 0x0000000088500000, 0x0000000088500000|100%| E|CS|TAMS 0x0000000088400000, 0x0000000088400000| Complete 
| 133|0x0000000088500000, 0x0000000088600000, 0x0000000088600000|100%| E|CS|TAMS 0x0000000088500000, 0x0000000088500000| Complete 
| 134|0x0000000088600000, 0x0000000088700000, 0x0000000088700000|100%| E|CS|TAMS 0x0000000088600000, 0x0000000088600000| Complete 
| 135|0x0000000088700000, 0x0000000088800000, 0x0000000088800000|100%| E|CS|TAMS 0x0000000088700000, 0x0000000088700000| Complete 
| 136|0x0000000088800000, 0x0000000088900000, 0x0000000088900000|100%| E|CS|TAMS 0x0000000088800000, 0x0000000088800000| Complete 
| 137|0x0000000088900000, 0x0000000088a00000, 0x0000000088a00000|100%| E|CS|TAMS 0x0000000088900000, 0x0000000088900000| Complete 
| 138|0x0000000088a00000, 0x0000000088b00000, 0x0000000088b00000|100%| E|CS|TAMS 0x0000000088a00000, 0x0000000088a00000| Complete 
| 139|0x0000000088b00000, 0x0000000088c00000, 0x0000000088c00000|100%| E|CS|TAMS 0x0000000088b00000, 0x0000000088b00000| Complete 
| 140|0x0000000088c00000, 0x0000000088d00000, 0x0000000088d00000|100%| E|CS|TAMS 0x0000000088c00000, 0x0000000088c00000| Complete 
| 141|0x0000000088d00000, 0x0000000088e00000, 0x0000000088e00000|100%| E|CS|TAMS 0x0000000088d00000, 0x0000000088d00000| Complete 
| 142|0x0000000088e00000, 0x0000000088f00000, 0x0000000088f00000|100%| E|CS|TAMS 0x0000000088e00000, 0x0000000088e00000| Complete 
| 143|0x0000000088f00000, 0x0000000089000000, 0x0000000089000000|100%| E|CS|TAMS 0x0000000088f00000, 0x0000000088f00000| Complete 
| 144|0x0000000089000000, 0x0000000089100000, 0x0000000089100000|100%| E|CS|TAMS 0x0000000089000000, 0x0000000089000000| Complete 
| 145|0x0000000089100000, 0x0000000089200000, 0x0000000089200000|100%| E|CS|TAMS 0x0000000089100000, 0x0000000089100000| Complete 
| 146|0x0000000089200000, 0x0000000089300000, 0x0000000089300000|100%| E|CS|TAMS 0x0000000089200000, 0x0000000089200000| Complete 
| 147|0x0000000089300000, 0x0000000089400000, 0x0000000089400000|100%| E|CS|TAMS 0x0000000089300000, 0x0000000089300000| Complete 
| 148|0x0000000089400000, 0x0000000089500000, 0x0000000089500000|100%| E|CS|TAMS 0x0000000089400000, 0x0000000089400000| Complete 
| 149|0x0000000089500000, 0x0000000089600000, 0x0000000089600000|100%| E|CS|TAMS 0x0000000089500000, 0x0000000089500000| Complete 
| 150|0x0000000089600000, 0x0000000089700000, 0x0000000089700000|100%| E|CS|TAMS 0x0000000089600000, 0x0000000089600000| Complete 
| 151|0x0000000089700000, 0x0000000089800000, 0x0000000089800000|100%| E|CS|TAMS 0x0000000089700000, 0x0000000089700000| Complete 
| 152|0x0000000089800000, 0x0000000089900000, 0x0000000089900000|100%| E|CS|TAMS 0x0000000089800000, 0x0000000089800000| Complete 
| 153|0x0000000089900000, 0x0000000089a00000, 0x0000000089a00000|100%| E|CS|TAMS 0x0000000089900000, 0x0000000089900000| Complete 

Card table byte_map: [0x000001ea93480000,0x000001ea93880000] _byte_map_base: 0x000001ea93080000

Marking Bits (Prev, Next): (CMBitMap*) 0x000001eafd0fe078, (CMBitMap*) 0x000001eafd0fe0b0
 Prev Bits: [0x000001ea93c80000, 0x000001ea95c80000)
 Next Bits: [0x000001ea95c80000, 0x000001ea97c80000)

Polling page: 0x000001ea80000000

Metaspace:

Usage:
  Non-class:     41.94 MB capacity,    41.21 MB ( 98%) used,   619.16 KB (  1%) free+waste,   128.13 KB ( <1%) overhead. 
      Class:      6.45 MB capacity,     6.01 MB ( 93%) used,   392.02 KB (  6%) free+waste,    60.94 KB ( <1%) overhead. 
       Both:     48.39 MB capacity,    47.22 MB ( 98%) used,  1011.17 KB (  2%) free+waste,   189.06 KB ( <1%) overhead. 

Virtual space:
  Non-class space:       44.00 MB reserved,      41.95 MB ( 95%) committed 
      Class space:        1.00 GB reserved,       6.50 MB ( <1%) committed 
             Both:        1.04 GB reserved,      48.45 MB (  5%) committed 

Chunk freelists:
   Non-Class:  11.00 KB
       Class:  0 bytes
        Both:  11.00 KB

MaxMetaspaceSize: 17179869184.00 GB
CompressedClassSpaceSize: 1.00 GB

CodeHeap 'non-profiled nmethods': size=120064Kb used=2959Kb max_used=2959Kb free=117105Kb
 bounds [0x000001ea8b500000, 0x000001ea8b7f0000, 0x000001ea92a40000]
CodeHeap 'profiled nmethods': size=120000Kb used=11321Kb max_used=11321Kb free=108678Kb
 bounds [0x000001ea83fd0000, 0x000001ea84ae0000, 0x000001ea8b500000]
CodeHeap 'non-nmethods': size=5696Kb used=2217Kb max_used=2265Kb free=3479Kb
 bounds [0x000001ea83a40000, 0x000001ea83cb0000, 0x000001ea83fd0000]
 total_blobs=6333 nmethods=5546 adapters=698
 compilation: enabled
              stopped_count=0, restarted_count=0
 full_count=0

Compilation events (20 events):
Event: 23.761 Thread 0x000001ea9a2e6800 5492  s    3       java.lang.StringBuffer::append (13 bytes)
Event: 23.761 Thread 0x000001ea9a2e6800 nmethod 5492 0x000001ea84ac2590 code [0x000001ea84ac2760, 0x000001ea84ac2a28]
Event: 23.761 Thread 0x000001ea9a2e6800 5494       3       java.lang.StackTraceElement::dropClassLoaderName (16 bytes)
Event: 23.761 Thread 0x000001ea9a2e6800 nmethod 5494 0x000001ea84ac2b10 code [0x000001ea84ac2cc0, 0x000001ea84ac2e18]
Event: 23.761 Thread 0x000001ea9a2e6800 5495       3       java.lang.StackTraceElement::isNativeMethod (15 bytes)
Event: 23.762 Thread 0x000001ea9a2e6800 nmethod 5495 0x000001ea84ac2e90 code [0x000001ea84ac3040, 0x000001ea84ac3198]
Event: 23.762 Thread 0x000001ea9a2e6800 5496       3       org.gradle.internal.operations.DefaultBuildOperationAncestryTracker::finished (15 bytes)
Event: 23.762 Thread 0x000001ea9a2e6800 nmethod 5496 0x000001ea84ac3210 code [0x000001ea84ac33e0, 0x000001ea84ac35c8]
Event: 23.763 Thread 0x000001ea9a2e1000 5497       4       jdk.internal.reflect.UTF8::utf8Length (81 bytes)
Event: 23.764 Thread 0x000001ea9a2e6800 5498       3       jdk.internal.reflect.ClassFileAssembler::incStack (11 bytes)
Event: 23.764 Thread 0x000001ea9a2e6800 nmethod 5498 0x000001ea84ac3690 code [0x000001ea84ac3840, 0x000001ea84ac39f8]
Event: 23.764 Thread 0x000001ea9a2e6800 5499       1       java.lang.StackTraceElement::getLineNumber (5 bytes)
Event: 23.764 Thread 0x000001ea9a2e6800 nmethod 5499 0x000001ea8b7dff10 code [0x000001ea8b7e00c0, 0x000001ea8b7e0178]
Event: 23.764 Thread 0x000001ea9a2e6800 5500       1       java.lang.StackTraceElement::getFileName (5 bytes)
Event: 23.764 Thread 0x000001ea9a2e6800 nmethod 5500 0x000001ea8b7e0210 code [0x000001ea8b7e03c0, 0x000001ea8b7e0478]
Event: 23.767 Thread 0x000001ea9a2e1000 nmethod 5497 0x000001ea8b7e0510 code [0x000001ea8b7e06c0, 0x000001ea8b7e07e8]
Event: 23.767 Thread 0x000001ea9a2e1000 5501   !   4       jdk.internal.reflect.UTF8::encode (191 bytes)
Event: 23.769 Thread 0x000001ea9a2e6800 5503       3       jdk.internal.reflect.ClassFileAssembler::getLength (11 bytes)
Event: 23.769 Thread 0x000001ea9a2e6800 nmethod 5503 0x000001ea84ac3a90 code [0x000001ea84ac3c40, 0x000001ea84ac3df8]
Event: 23.773 Thread 0x000001ea9a2e6800 5504       1       java.lang.StackTraceElement::getClassName (5 bytes)

GC Heap History (20 events):
Event: 0.837 GC heap before
{Heap before GC invocations=0 (full 0):
 garbage-first heap   total 131072K, used 19456K [0x0000000080000000, 0x0000000100000000)
  region size 1024K, 14 young (14336K), 0 survivors (0K)
 Metaspace       used 6740K, capacity 6929K, committed 7168K, reserved 1056768K
  class space    used 582K, capacity 650K, committed 768K, reserved 1048576K
}
Event: 0.847 GC heap after
{Heap after GC invocations=1 (full 0):
 garbage-first heap   total 131072K, used 8157K [0x0000000080000000, 0x0000000100000000)
  region size 1024K, 2 young (2048K), 2 survivors (2048K)
 Metaspace       used 6740K, capacity 6929K, committed 7168K, reserved 1056768K
  class space    used 582K, capacity 650K, committed 768K, reserved 1048576K
}
Event: 1.297 GC heap before
{Heap before GC invocations=1 (full 0):
 garbage-first heap   total 131072K, used 19421K [0x0000000080000000, 0x0000000100000000)
  region size 1024K, 13 young (13312K), 2 survivors (2048K)
 Metaspace       used 10252K, capacity 10557K, committed 10624K, reserved 1058816K
  class space    used 1070K, capacity 1139K, committed 1152K, reserved 1048576K
}
Event: 1.300 GC heap after
{Heap after GC invocations=2 (full 0):
 garbage-first heap   total 131072K, used 9612K [0x0000000080000000, 0x0000000100000000)
  region size 1024K, 2 young (2048K), 2 survivors (2048K)
 Metaspace       used 10252K, capacity 10557K, committed 10624K, reserved 1058816K
  class space    used 1070K, capacity 1139K, committed 1152K, reserved 1048576K
}
Event: 1.966 GC heap before
{Heap before GC invocations=2 (full 0):
 garbage-first heap   total 131072K, used 39308K [0x0000000080000000, 0x0000000100000000)
  region size 1024K, 31 young (31744K), 2 survivors (2048K)
 Metaspace       used 11236K, capacity 11512K, committed 11776K, reserved 1060864K
  class space    used 1172K, capacity 1244K, committed 1280K, reserved 1048576K
}
Event: 1.971 GC heap after
{Heap after GC invocations=3 (full 0):
 garbage-first heap   total 131072K, used 13133K [0x0000000080000000, 0x0000000100000000)
  region size 1024K, 4 young (4096K), 4 survivors (4096K)
 Metaspace       used 11236K, capacity 11512K, committed 11776K, reserved 1060864K
  class space    used 1172K, capacity 1244K, committed 1280K, reserved 1048576K
}
Event: 3.867 GC heap before
{Heap before GC invocations=3 (full 0):
 garbage-first heap   total 131072K, used 69453K [0x0000000080000000, 0x0000000100000000)
  region size 1024K, 59 young (60416K), 4 survivors (4096K)
 Metaspace       used 19384K, capacity 19846K, committed 19968K, reserved 1067008K
  class space    used 2366K, capacity 2516K, committed 2560K, reserved 1048576K
}
Event: 3.902 GC heap after
{Heap after GC invocations=4 (full 0):
 garbage-first heap   total 131072K, used 16412K [0x0000000080000000, 0x0000000100000000)
  region size 1024K, 8 young (8192K), 8 survivors (8192K)
 Metaspace       used 19384K, capacity 19846K, committed 19968K, reserved 1067008K
  class space    used 2366K, capacity 2516K, committed 2560K, reserved 1048576K
}
Event: 4.068 GC heap before
{Heap before GC invocations=4 (full 0):
 garbage-first heap   total 131072K, used 25628K [0x0000000080000000, 0x0000000100000000)
  region size 1024K, 18 young (18432K), 8 survivors (8192K)
 Metaspace       used 20646K, capacity 21108K, committed 21296K, reserved 1069056K
  class space    used 2531K, capacity 2660K, committed 2688K, reserved 1048576K
}
Event: 4.077 GC heap after
{Heap after GC invocations=5 (full 0):
 garbage-first heap   total 131072K, used 17922K [0x0000000080000000, 0x0000000100000000)
  region size 1024K, 1 young (1024K), 1 survivors (1024K)
 Metaspace       used 20646K, capacity 21108K, committed 21296K, reserved 1069056K
  class space    used 2531K, capacity 2660K, committed 2688K, reserved 1048576K
}
Event: 4.982 GC heap before
{Heap before GC invocations=6 (full 0):
 garbage-first heap   total 131072K, used 65026K [0x0000000080000000, 0x0000000100000000)
  region size 1024K, 47 young (48128K), 1 survivors (1024K)
 Metaspace       used 25604K, capacity 26203K, committed 26368K, reserved 1073152K
  class space    used 3330K, capacity 3534K, committed 3584K, reserved 1048576K
}
Event: 4.987 GC heap after
{Heap after GC invocations=7 (full 0):
 garbage-first heap   total 157696K, used 19439K [0x0000000080000000, 0x0000000100000000)
  region size 1024K, 3 young (3072K), 3 survivors (3072K)
 Metaspace       used 25604K, capacity 26203K, committed 26368K, reserved 1073152K
  class space    used 3330K, capacity 3534K, committed 3584K, reserved 1048576K
}
Event: 7.197 GC heap before
{Heap before GC invocations=7 (full 0):
 garbage-first heap   total 157696K, used 78831K [0x0000000080000000, 0x0000000100000000)
  region size 1024K, 61 young (62464K), 3 survivors (3072K)
 Metaspace       used 34390K, capacity 35118K, committed 35328K, reserved 1079296K
  class space    used 4469K, capacity 4767K, committed 4864K, reserved 1048576K
}
Event: 7.210 GC heap after
{Heap after GC invocations=8 (full 0):
 garbage-first heap   total 157696K, used 22780K [0x0000000080000000, 0x0000000100000000)
  region size 1024K, 6 young (6144K), 6 survivors (6144K)
 Metaspace       used 34390K, capacity 35118K, committed 35328K, reserved 1079296K
  class space    used 4469K, capacity 4767K, committed 4864K, reserved 1048576K
}
Event: 7.407 GC heap before
{Heap before GC invocations=8 (full 0):
 garbage-first heap   total 157696K, used 25852K [0x0000000080000000, 0x0000000100000000)
  region size 1024K, 10 young (10240K), 6 survivors (6144K)
 Metaspace       used 35055K, capacity 35850K, committed 36048K, reserved 1081344K
  class space    used 4557K, capacity 4863K, committed 4864K, reserved 1048576K
}
Event: 7.418 GC heap after
{Heap after GC invocations=9 (full 0):
 garbage-first heap   total 157696K, used 23349K [0x0000000080000000, 0x0000000100000000)
  region size 1024K, 4 young (4096K), 4 survivors (4096K)
 Metaspace       used 35055K, capacity 35850K, committed 36048K, reserved 1081344K
  class space    used 4557K, capacity 4863K, committed 4864K, reserved 1048576K
}
Event: 10.346 GC heap before
{Heap before GC invocations=10 (full 0):
 garbage-first heap   total 157696K, used 89909K [0x0000000080000000, 0x0000000100000000)
  region size 1024K, 67 young (68608K), 4 survivors (4096K)
 Metaspace       used 40075K, capacity 41017K, committed 41296K, reserved 1085440K
  class space    used 5110K, capacity 5471K, committed 5504K, reserved 1048576K
}
Event: 10.362 GC heap after
{Heap after GC invocations=11 (full 0):
 garbage-first heap   total 157696K, used 28202K [0x0000000080000000, 0x0000000100000000)
  region size 1024K, 9 young (9216K), 9 survivors (9216K)
 Metaspace       used 40075K, capacity 41017K, committed 41296K, reserved 1085440K
  class space    used 5110K, capacity 5471K, committed 5504K, reserved 1048576K
}
Event: 11.908 GC heap before
{Heap before GC invocations=11 (full 0):
 garbage-first heap   total 157696K, used 93738K [0x0000000080000000, 0x0000000100000000)
  region size 1024K, 73 young (74752K), 9 survivors (9216K)
 Metaspace       used 46035K, capacity 47112K, committed 47312K, reserved 1089536K
  class space    used 5913K, capacity 6300K, committed 6400K, reserved 1048576K
}
Event: 11.923 GC heap after
{Heap after GC invocations=12 (full 0):
 garbage-first heap   total 157696K, used 30276K [0x0000000080000000, 0x0000000100000000)
  region size 1024K, 3 young (3072K), 3 survivors (3072K)
 Metaspace       used 46035K, capacity 47112K, committed 47312K, reserved 1089536K
  class space    used 5913K, capacity 6300K, committed 6400K, reserved 1048576K
}

Deoptimization events (20 events):
Event: 17.704 Thread 0x000001ea9d713000 DEOPT PACKING pc=0x000001ea84a92c2a sp=0x00000048251f1580
Event: 17.704 Thread 0x000001ea9d713000 DEOPT UNPACKING pc=0x000001ea83a66dde sp=0x00000048251f0b70 mode 0
Event: 18.640 Thread 0x000001ea9d713000 DEOPT PACKING pc=0x000001ea84a92c2a sp=0x00000048251f1580
Event: 18.640 Thread 0x000001ea9d713000 DEOPT UNPACKING pc=0x000001ea83a66dde sp=0x00000048251f0b70 mode 0
Event: 19.572 Thread 0x000001ea9d713000 DEOPT PACKING pc=0x000001ea8409892e sp=0x00000048251f1aa0
Event: 19.572 Thread 0x000001ea9d713000 DEOPT UNPACKING pc=0x000001ea83a66dde sp=0x00000048251f0f10 mode 0
Event: 19.689 Thread 0x000001ea9d713000 DEOPT PACKING pc=0x000001ea84a92c2a sp=0x00000048251f14f0
Event: 19.689 Thread 0x000001ea9d713000 DEOPT UNPACKING pc=0x000001ea83a66dde sp=0x00000048251f0ac8 mode 0
Event: 20.588 Thread 0x000001ea9d713000 DEOPT PACKING pc=0x000001ea84a92c2a sp=0x00000048251f13c0
Event: 20.588 Thread 0x000001ea9d713000 DEOPT UNPACKING pc=0x000001ea83a66dde sp=0x00000048251f0998 mode 0
Event: 20.758 Thread 0x000001ea9d713000 DEOPT PACKING pc=0x000001ea84a92c2a sp=0x00000048251f13c0
Event: 20.758 Thread 0x000001ea9d713000 DEOPT UNPACKING pc=0x000001ea83a66dde sp=0x00000048251f0998 mode 0
Event: 23.319 Thread 0x000001ea9d713000 Uncommon trap: trap_request=0xffffffc6 fr.pc=0x000001ea8b6bd750 relative=0x00000000000008f0
Event: 23.319 Thread 0x000001ea9d713000 Uncommon trap: reason=bimorphic_or_optimized_type_check action=maybe_recompile pc=0x000001ea8b6bd750 method=java.lang.Throwable.<init>(Ljava/lang/String;Ljava/lang/Throwable;)V @ 24 c2
Event: 23.319 Thread 0x000001ea9d713000 DEOPT PACKING pc=0x000001ea8b6bd750 sp=0x00000048251f9df0
Event: 23.319 Thread 0x000001ea9d713000 DEOPT UNPACKING pc=0x000001ea83a6662f sp=0x00000048251f9db8 mode 2
Event: 23.773 Thread 0x000001ea9d713000 Uncommon trap: trap_request=0xffffff4d fr.pc=0x000001ea8b71fd84 relative=0x0000000000000764
Event: 23.773 Thread 0x000001ea9d713000 Uncommon trap: reason=unstable_if action=reinterpret pc=0x000001ea8b71fd84 method=java.util.regex.Matcher.search(I)Z @ 76 c2
Event: 23.773 Thread 0x000001ea9d713000 DEOPT PACKING pc=0x000001ea8b71fd84 sp=0x00000048251fb5b0
Event: 23.773 Thread 0x000001ea9d713000 DEOPT UNPACKING pc=0x000001ea83a6662f sp=0x00000048251fb590 mode 2

Classes redefined (0 events):
No events

Internal exceptions (20 events):
Event: 19.600 Thread 0x000001ea9d713000 Exception <a 'java/security/PrivilegedActionException'{0x0000000086b625b0}> (0x0000000086b625b0) thrown at [./src/hotspot/share/prims/jvm.cpp, line 1306]
Event: 19.600 Thread 0x000001ea9d713000 Exception <a 'java/security/PrivilegedActionException'{0x0000000086b651e0}> (0x0000000086b651e0) thrown at [./src/hotspot/share/prims/jvm.cpp, line 1306]
Event: 19.600 Thread 0x000001ea9d713000 Exception <a 'java/security/PrivilegedActionException'{0x0000000086b664a0}> (0x0000000086b664a0) thrown at [./src/hotspot/share/prims/jvm.cpp, line 1306]
Event: 19.601 Thread 0x000001ea9d713000 Exception <a 'java/security/PrivilegedActionException'{0x0000000086b69120}> (0x0000000086b69120) thrown at [./src/hotspot/share/prims/jvm.cpp, line 1306]
Event: 19.601 Thread 0x000001ea9d713000 Exception <a 'java/security/PrivilegedActionException'{0x0000000086b6a3e0}> (0x0000000086b6a3e0) thrown at [./src/hotspot/share/prims/jvm.cpp, line 1306]
Event: 19.601 Thread 0x000001ea9d713000 Exception <a 'java/security/PrivilegedActionException'{0x0000000086b6d0b8}> (0x0000000086b6d0b8) thrown at [./src/hotspot/share/prims/jvm.cpp, line 1306]
Event: 19.601 Thread 0x000001ea9d713000 Exception <a 'java/security/PrivilegedActionException'{0x0000000086b6e378}> (0x0000000086b6e378) thrown at [./src/hotspot/share/prims/jvm.cpp, line 1306]
Event: 23.253 Thread 0x000001ea9d713000 Exception <a 'java/io/IOException'{0x0000000086655df8}> (0x0000000086655df8) thrown at [./src/hotspot/share/prims/jni.cpp, line 615]
Event: 23.253 Thread 0x000001ea9d713000 Exception <a 'java/security/PrivilegedActionException'{0x00000000866570c8}> (0x00000000866570c8) thrown at [./src/hotspot/share/prims/jvm.cpp, line 1306]
Event: 23.253 Thread 0x000001ea9d713000 Exception <a 'java/security/PrivilegedActionException'{0x0000000086658388}> (0x0000000086658388) thrown at [./src/hotspot/share/prims/jvm.cpp, line 1306]
Event: 23.309 Thread 0x000001ea9d713000 Exception <a 'java/lang/OutOfMemoryError'{0x00000000866d5b50}> (0x00000000866d5b50) thrown at [./src/hotspot/share/prims/jni.cpp, line 636]
Event: 23.309 Thread 0x000001ea9d713000 Exception <a 'java/lang/OutOfMemoryError'{0x00000000866d5b50}> (0x00000000866d5b50) thrown at [./src/hotspot/share/prims/jvm.cpp, line 1310]
Event: 23.309 Thread 0x000001ea9d713000 Exception <a 'java/lang/OutOfMemoryError'{0x00000000866d5b50}> (0x00000000866d5b50) thrown at [./src/hotspot/share/prims/jvm.cpp, line 1310]
Event: 23.309 Thread 0x000001ea9d713000 Exception <a 'java/lang/OutOfMemoryError'{0x00000000866d5b50}> (0x00000000866d5b50) thrown at [./src/hotspot/share/prims/jvm.cpp, line 1310]
Event: 23.309 Thread 0x000001ea9d713000 Exception <a 'java/lang/OutOfMemoryError'{0x00000000866d5b50}> (0x00000000866d5b50) thrown at [./src/hotspot/share/prims/jvm.cpp, line 1310]
Event: 23.342 Thread 0x000001ea9d713000 Exception <a 'java/lang/NoSuchMethodError'{0x00000000866ffcf8}: 'long java.lang.invoke.DirectMethodHandle$Holder.invokeVirtual(java.lang.Object, java.lang.Object)'> (0x00000000866ffcf8) thrown at [./src/hotspot/share/interpreter/linkResolver.cpp, line 773]
Event: 23.765 Thread 0x000001ea9cdd4000 Exception <a 'java/lang/NoSuchMethodError'{0x000000008998dde8}: <clinit>> (0x000000008998dde8) thrown at [./src/hotspot/share/prims/jni.cpp, line 1362]
Event: 23.772 Thread 0x000001ea9cdd4000 Exception <a 'java/lang/NoSuchMethodError'{0x000000008649c648}: <clinit>> (0x000000008649c648) thrown at [./src/hotspot/share/prims/jni.cpp, line 1362]
Event: 23.772 Thread 0x000001ea9cdd4000 Exception <a 'java/lang/NoSuchMethodError'{0x000000008649d8a8}: <clinit>> (0x000000008649d8a8) thrown at [./src/hotspot/share/prims/jni.cpp, line 1362]
Event: 23.772 Thread 0x000001ea9cdd4000 Exception <a 'java/lang/NoSuchMethodError'{0x000000008649ebb0}: <clinit>> (0x000000008649ebb0) thrown at [./src/hotspot/share/prims/jni.cpp, line 1362]

Events (20 events):
Event: 23.481 loading class org/gradle/tooling/internal/protocol/InternalFailure done
Event: 23.523 loading class java/lang/Throwable$WrappedPrintWriter
Event: 23.531 loading class java/lang/Throwable$PrintStreamOrWriter
Event: 23.542 loading class java/lang/Throwable$PrintStreamOrWriter done
Event: 23.543 loading class java/lang/Throwable$WrappedPrintWriter done
Event: 23.677 loading class java/lang/StackTraceElement$HashedModules
Event: 23.689 loading class java/lang/StackTraceElement$HashedModules done
Event: 23.758 loading class org/gradle/internal/build/event/types/DefaultOperationFinishedProgressEvent
Event: 23.758 loading class org/gradle/internal/build/event/types/DefaultOperationFinishedProgressEvent done
Event: 23.762 loading class org/gradle/api/tasks/TaskExecutionException
Event: 23.762 loading class org/gradle/api/tasks/TaskExecutionException done
Event: 23.763 loading class org/gradle/internal/exceptions/Contextual
Event: 23.763 loading class org/gradle/internal/exceptions/Contextual done
Event: 23.764 loading class org/gradle/internal/exceptions/ContextAwareException$1
Event: 23.764 loading class org/gradle/internal/exceptions/ContextAwareException$1 done
Event: 23.766 loading class org/codehaus/groovy/runtime/StackTraceUtils
Event: 23.766 loading class org/codehaus/groovy/runtime/StackTraceUtils done
Event: 23.770 Executing VM operation: BulkRevokeBias
Event: 23.771 Executing VM operation: BulkRevokeBias done
Event: 23.773 loading class java/util/logging/LogRecord


Dynamic libraries:
0x00007ff7bf8e0000 - 0x00007ff7bf8ea000 	C:\Program Files\Android\Android Studio\jre\bin\java.exe
0x00007ffd0be30000 - 0x00007ffd0c025000 	C:\Windows\SYSTEM32\ntdll.dll
0x00007ffd0a2c0000 - 0x00007ffd0a37d000 	C:\Windows\System32\KERNEL32.DLL
0x00007ffd09610000 - 0x00007ffd098d8000 	C:\Windows\System32\KERNELBASE.dll
0x00007ffd09940000 - 0x00007ffd09a40000 	C:\Windows\System32\ucrtbase.dll
0x00007ffd04380000 - 0x00007ffd04399000 	C:\Program Files\Android\Android Studio\jre\bin\jli.dll
0x00007ffd043a0000 - 0x00007ffd043b7000 	C:\Program Files\Android\Android Studio\jre\bin\VCRUNTIME140.dll
0x00007ffd0af80000 - 0x00007ffd0b120000 	C:\Windows\System32\USER32.dll
0x00007ffd09e60000 - 0x00007ffd09e82000 	C:\Windows\System32\win32u.dll
0x00007ffcf7190000 - 0x00007ffcf742a000 	C:\Windows\WinSxS\amd64_microsoft.windows.common-controls_6595b64144ccf1df_6.0.19041.844_none_ca00b6081b84eb1d\COMCTL32.dll
0x00007ffd0b200000 - 0x00007ffd0b22a000 	C:\Windows\System32\GDI32.dll
0x00007ffd0ba30000 - 0x00007ffd0bace000 	C:\Windows\System32\msvcrt.dll
0x00007ffd09a90000 - 0x00007ffd09b9b000 	C:\Windows\System32\gdi32full.dll
0x00007ffd09570000 - 0x00007ffd0960d000 	C:\Windows\System32\msvcp_win.dll
0x00007ffd0bad0000 - 0x00007ffd0bb00000 	C:\Windows\System32\IMM32.DLL
0x00007ffcf7590000 - 0x00007ffcf762d000 	C:\Program Files\Android\Android Studio\jre\bin\msvcp140.dll
0x00007ffca40d0000 - 0x00007ffca4ba5000 	C:\Program Files\Android\Android Studio\jre\bin\server\jvm.dll
0x00007ffd0a210000 - 0x00007ffd0a2bc000 	C:\Windows\System32\ADVAPI32.dll
0x00007ffd0a4b0000 - 0x00007ffd0a54b000 	C:\Windows\System32\sechost.dll
0x00007ffd0bcb0000 - 0x00007ffd0bddb000 	C:\Windows\System32\RPCRT4.dll
0x00007ffd0bde0000 - 0x00007ffd0bde8000 	C:\Windows\System32\PSAPI.DLL
0x00007ffd04240000 - 0x00007ffd04249000 	C:\Windows\SYSTEM32\WSOCK32.dll
0x00007ffd01310000 - 0x00007ffd01337000 	C:\Windows\SYSTEM32\WINMM.dll
0x00007ffd02340000 - 0x00007ffd0234a000 	C:\Windows\SYSTEM32\VERSION.dll
0x00007ffd0b130000 - 0x00007ffd0b19b000 	C:\Windows\System32\WS2_32.dll
0x00007ffd07e70000 - 0x00007ffd07e82000 	C:\Windows\SYSTEM32\kernel.appcore.dll
0x00007ffcf8eb0000 - 0x00007ffcf8ec1000 	C:\Program Files\Android\Android Studio\jre\bin\verify.dll
0x00007ffd07390000 - 0x00007ffd07574000 	C:\Windows\SYSTEM32\DBGHELP.DLL
0x00007ffd00940000 - 0x00007ffd0096c000 	C:\Windows\SYSTEM32\dbgcore.DLL
0x00007ffd09ba0000 - 0x00007ffd09c20000 	C:\Windows\System32\bcryptPrimitives.dll
0x00007ffce9db0000 - 0x00007ffce9dd9000 	C:\Program Files\Android\Android Studio\jre\bin\java.dll
0x00007ffcf8e50000 - 0x00007ffcf8e5b000 	C:\Program Files\Android\Android Studio\jre\bin\jimage.dll
0x00007ffcf85e0000 - 0x00007ffcf85f8000 	C:\Program Files\Android\Android Studio\jre\bin\zip.dll
0x00007ffd0a630000 - 0x00007ffd0ad72000 	C:\Windows\System32\SHELL32.dll
0x00007ffd07690000 - 0x00007ffd07e21000 	C:\Windows\SYSTEM32\windows.storage.dll
0x00007ffd09e90000 - 0x00007ffd0a1e5000 	C:\Windows\System32\combase.dll
0x00007ffd08f70000 - 0x00007ffd08f9c000 	C:\Windows\SYSTEM32\Wldp.dll
0x00007ffd0b2e0000 - 0x00007ffd0b38e000 	C:\Windows\System32\SHCORE.dll
0x00007ffd0b9d0000 - 0x00007ffd0ba25000 	C:\Windows\System32\shlwapi.dll
0x00007ffd094b0000 - 0x00007ffd094cf000 	C:\Windows\SYSTEM32\profapi.dll
0x00007ffce66c0000 - 0x00007ffce66da000 	C:\Program Files\Android\Android Studio\jre\bin\net.dll
0x00007ffcf9240000 - 0x00007ffcf934b000 	C:\Windows\SYSTEM32\WINHTTP.dll
0x00007ffd08c80000 - 0x00007ffd08cea000 	C:\Windows\system32\mswsock.dll
0x00007ffce4640000 - 0x00007ffce4654000 	C:\Program Files\Android\Android Studio\jre\bin\nio.dll
0x00007ffcf8ed0000 - 0x00007ffcf8ef7000 	C:\Users\User\.gradle\native\e1d6ef7f7dcc3fd88c89a11ec53ec762bb8ba0a96d01ffa2cd45eb1d1d8dd5c5\windows-amd64\native-platform.dll
0x00007ffce9f80000 - 0x00007ffcea0c4000 	C:\Users\User\.gradle\native\5664cfc778a61ccfe75a443a1ab52a65af34e5dc3c78e0209fed803814484fcb\windows-amd64\native-platform-file-events.dll
0x00007ffcf8e40000 - 0x00007ffcf8e4a000 	C:\Program Files\Android\Android Studio\jre\bin\management.dll
0x00007ffceae80000 - 0x00007ffceae8d000 	C:\Program Files\Android\Android Studio\jre\bin\management_ext.dll
0x00007ffd08eb0000 - 0x00007ffd08ec8000 	C:\Windows\SYSTEM32\CRYPTSP.dll
0x00007ffd08620000 - 0x00007ffd08654000 	C:\Windows\system32\rsaenh.dll
0x00007ffd09c20000 - 0x00007ffd09c47000 	C:\Windows\System32\bcrypt.dll
0x00007ffd09470000 - 0x00007ffd0949e000 	C:\Windows\SYSTEM32\USERENV.dll
0x00007ffd08ed0000 - 0x00007ffd08edc000 	C:\Windows\SYSTEM32\CRYPTBASE.dll
0x00007ffd08970000 - 0x00007ffd089ab000 	C:\Windows\SYSTEM32\IPHLPAPI.DLL
0x00007ffd0b120000 - 0x00007ffd0b128000 	C:\Windows\System32\NSI.dll
0x00007ffd00c90000 - 0x00007ffd00ca7000 	C:\Windows\SYSTEM32\dhcpcsvc6.DLL
0x00007ffd01930000 - 0x00007ffd0194d000 	C:\Windows\SYSTEM32\dhcpcsvc.DLL
0x00007ffd089b0000 - 0x00007ffd08a7c000 	C:\Windows\SYSTEM32\DNSAPI.dll

dbghelp: loaded successfully - version: 4.0.5 - missing functions: none
symbol engine: initialized successfully - sym options: 0x614 - pdb path: .;C:\Program Files\Android\Android Studio\jre\bin;C:\Windows\SYSTEM32;C:\Windows\WinSxS\amd64_microsoft.windows.common-controls_6595b64144ccf1df_6.0.19041.844_none_ca00b6081b84eb1d;C:\Program Files\Android\Android Studio\jre\bin\server;C:\Users\User\.gradle\native\e1d6ef7f7dcc3fd88c89a11ec53ec762bb8ba0a96d01ffa2cd45eb1d1d8dd5c5\windows-amd64;C:\Users\User\.gradle\native\5664cfc778a61ccfe75a443a1ab52a65af34e5dc3c78e0209fed803814484fcb\windows-amd64

VM Arguments:
jvm_args: --add-opens=java.base/java.util=ALL-UNNAMED --add-opens=java.base/java.lang=ALL-UNNAMED --add-opens=java.base/java.lang.invoke=ALL-UNNAMED --add-opens=java.base/java.util=ALL-UNNAMED --add-opens=java.prefs/java.util.prefs=ALL-UNNAMED --add-opens=java.prefs/java.util.prefs=ALL-UNNAMED --add-opens=java.base/java.nio.charset=ALL-UNNAMED --add-opens=java.base/java.net=ALL-UNNAMED --add-opens=java.base/java.util.concurrent.atomic=ALL-UNNAMED -Xmx2048m -Dfile.encoding=UTF-8 -Duser.country=BR -Duser.language=pt -Duser.variant 
java_command: org.gradle.launcher.daemon.bootstrap.GradleDaemon 7.2
java_class_path (initial): C:\Users\User\.gradle\wrapper\dists\gradle-7.2-bin\2dnblmf4td7x66yl1d74lt32g\gradle-7.2\lib\gradle-launcher-7.2.jar
Launcher Type: SUN_STANDARD

[Global flags]
     intx CICompilerCount                          = 3                                         {product} {ergonomic}
     uint ConcGCThreads                            = 1                                         {product} {ergonomic}
     uint G1ConcRefinementThreads                  = 4                                         {product} {ergonomic}
   size_t G1HeapRegionSize                         = 1048576                                   {product} {ergonomic}
    uintx GCDrainStackTargetSize                   = 64                                        {product} {ergonomic}
   size_t InitialHeapSize                          = 134217728                                 {product} {ergonomic}
   size_t MarkStackSize                            = 4194304                                   {product} {ergonomic}
   size_t MaxHeapSize                              = 2147483648                                {product} {command line}
   size_t MaxNewSize                               = 1287651328                                {product} {ergonomic}
   size_t MinHeapDeltaBytes                        = 1048576                                   {product} {ergonomic}
    uintx NonNMethodCodeHeapSize                   = 5830732                                {pd product} {ergonomic}
    uintx NonProfiledCodeHeapSize                  = 122913754                              {pd product} {ergonomic}
    uintx ProfiledCodeHeapSize                     = 122913754                              {pd product} {ergonomic}
    uintx ReservedCodeCacheSize                    = 251658240                              {pd product} {ergonomic}
     bool SegmentedCodeCache                       = true                                      {product} {ergonomic}
     bool UseCompressedClassPointers               = true                                 {lp64_product} {ergonomic}
     bool UseCompressedOops                        = true                                 {lp64_product} {ergonomic}
     bool UseG1GC                                  = true                                      {product} {ergonomic}
     bool UseLargePagesIndividualAllocation        = false                                  {pd product} {ergonomic}

Logging:
Log output configuration:
 #0: stdout all=warning uptime,level,tags
 #1: stderr all=off uptime,level,tags

Environment Variables:
PATH=C:\Windows\system32;C:\Windows;C:\Windows\System32\Wbem;C:\Windows\System32\WindowsPowerShell\v1.0\;C:\Windows\System32\OpenSSH\;C:\Program Files\Git\cmd;C:\Users\User\AppData\Local\Microsoft\WindowsApps;
USERNAME=User
OS=Windows_NT
PROCESSOR_IDENTIFIER=Intel64 Family 6 Model 142 Stepping 9, GenuineIntel



---------------  S Y S T E M  ---------------

OS: Windows 10 , 64 bit Build 19041 (10.0.19041.928)
OS uptime: 4 days 9:43 hours

CPU:total 4 (initial active 4) (2 cores per cpu, 2 threads per core) family 6 model 142 stepping 9 microcode 0xca, cmov, cx8, fxsr, mmx, sse, sse2, sse3, ssse3, sse4.1, sse4.2, popcnt, avx, avx2, aes, clmul, erms, rtm, 3dnowpref, lzcnt, ht, tsc, tscinvbit, bmi1, bmi2, adx, fma

Memory: 4k page, system-wide physical 8073M (218M free)
TotalPageFile size 23257M (AvailPageFile size 0M)
current process WorkingSet (physical memory assigned to process): 164M, peak: 295M
current process commit charge ("private bytes"): 334M, peak: 356M

vm_info: OpenJDK 64-Bit Server VM (11.0.11+9-b60-7590822) for windows-amd64 JRE (11.0.11+9-b60-7590822), built on Jul 29 2021 21:43:44 by "builder" with MS VC++ 14.0 (VS2015)

END.
